{"C:\\Users\\PURPLE BEE TECH\\Desktop\\Builds\\personal\\babtech\\BST_REFER_ADMIN\\src\\server.ts": {"path":"C:\\Users\\PURPLE BEE TECH\\Desktop\\Builds\\personal\\babtech\\BST_REFER_ADMIN\\src\\server.ts","statementMap":{"0":{"start":{"line":1,"column":0},"end":{"line":1,"column":24}},"1":{"start":{"line":2,"column":0},"end":{"line":2,"column":30}},"2":{"start":{"line":3,"column":0},"end":{"line":3,"column":26}},"3":{"start":{"line":4,"column":0},"end":{"line":4,"column":61}},"4":{"start":{"line":5,"column":0},"end":{"line":5,"column":55}},"5":{"start":{"line":6,"column":0},"end":{"line":6,"column":57}},"6":{"start":{"line":7,"column":0},"end":{"line":7,"column":41}},"7":{"start":{"line":9,"column":13},"end":{"line":9,"column":37}},"8":{"start":{"line":12,"column":20},"end":{"line":39,"column":1}},"9":{"start":{"line":13,"column":1},"end":{"line":13,"column":61}},"10":{"start":{"line":14,"column":1},"end":{"line":14,"column":42}},"11":{"start":{"line":15,"column":1},"end":{"line":15,"column":61}},"12":{"start":{"line":16,"column":1},"end":{"line":16,"column":33}},"13":{"start":{"line":17,"column":1},"end":{"line":17,"column":57}},"14":{"start":{"line":19,"column":1},"end":{"line":19,"column":61}},"15":{"start":{"line":20,"column":1},"end":{"line":20,"column":41}},"16":{"start":{"line":21,"column":1},"end":{"line":21,"column":61}},"17":{"start":{"line":22,"column":1},"end":{"line":22,"column":33}},"18":{"start":{"line":23,"column":1},"end":{"line":23,"column":30}},"19":{"start":{"line":25,"column":1},"end":{"line":25,"column":61}},"20":{"start":{"line":26,"column":1},"end":{"line":26,"column":33}},"21":{"start":{"line":27,"column":1},"end":{"line":27,"column":61}},"22":{"start":{"line":28,"column":1},"end":{"line":28,"column":31}},"23":{"start":{"line":30,"column":1},"end":{"line":30,"column":61}},"24":{"start":{"line":31,"column":1},"end":{"line":31,"column":35}},"25":{"start":{"line":32,"column":1},"end":{"line":32,"column":61}},"26":{"start":{"line":33,"column":1},"end":{"line":33,"column":45}},"27":{"start":{"line":34,"column":1},"end":{"line":38,"column":4}},"28":{"start":{"line":35,"column":2},"end":{"line":35,"column":58}},"29":{"start":{"line":36,"column":2},"end":{"line":36,"column":83}},"30":{"start":{"line":37,"column":2},"end":{"line":37,"column":58}},"31":{"start":{"line":12,"column":13},"end":{"line":12,"column":20}},"32":{"start":{"line":41,"column":24},"end":{"line":43,"column":1}},"33":{"start":{"line":42,"column":1},"end":{"line":42,"column":42}},"34":{"start":{"line":41,"column":13},"end":{"line":41,"column":24}},"35":{"start":{"line":45,"column":0},"end":{"line":45,"column":7}}},"fnMap":{"0":{"name":"(anonymous_1)","decl":{"start":{"line":12,"column":20},"end":{"line":12,"column":23}},"loc":{"start":{"line":12,"column":25},"end":{"line":39,"column":1}}},"1":{"name":"(anonymous_2)","decl":{"start":{"line":34,"column":39},"end":{"line":34,"column":42}},"loc":{"start":{"line":34,"column":44},"end":{"line":38,"column":2}}},"2":{"name":"(anonymous_3)","decl":{"start":{"line":41,"column":24},"end":{"line":41,"column":25}},"loc":{"start":{"line":41,"column":42},"end":{"line":43,"column":1}}}},"branchMap":{"0":{"loc":{"start":{"line":42,"column":1},"end":{"line":42,"column":41}},"type":"binary-expr","locations":[{"start":{"line":42,"column":1},"end":{"line":42,"column":11}},{"start":{"line":42,"column":15},"end":{"line":42,"column":41}}]}},"s":{"0":1,"1":1,"2":1,"3":1,"4":1,"5":1,"6":1,"7":1,"8":1,"9":1,"10":1,"11":1,"12":1,"13":1,"14":1,"15":1,"16":1,"17":1,"18":1,"19":1,"20":1,"21":1,"22":1,"23":1,"24":1,"25":1,"26":1,"27":1,"28":1,"29":1,"30":1,"31":1,"32":1,"33":1,"34":1,"35":1},"f":{"0":1,"1":1,"2":1},"b":{"0":[1,1]}}
,"C:\\Users\\PURPLE BEE TECH\\Desktop\\Builds\\personal\\babtech\\BST_REFER_ADMIN\\src\\config\\config.ts": {"path":"C:\\Users\\PURPLE BEE TECH\\Desktop\\Builds\\personal\\babtech\\BST_REFER_ADMIN\\src\\config\\config.ts","statementMap":{"0":{"start":{"line":1,"column":0},"end":{"line":1,"column":28}},"1":{"start":{"line":3,"column":0},"end":{"line":3,"column":16}},"2":{"start":{"line":5,"column":13},"end":{"line":5,"column":66}},"3":{"start":{"line":6,"column":13},"end":{"line":6,"column":52}},"4":{"start":{"line":8,"column":13},"end":{"line":8,"column":74}},"5":{"start":{"line":9,"column":13},"end":{"line":9,"column":92}},"6":{"start":{"line":11,"column":13},"end":{"line":14,"column":2}}},"fnMap":{},"branchMap":{"0":{"loc":{"start":{"line":8,"column":31},"end":{"line":8,"column":73}},"type":"binary-expr","locations":[{"start":{"line":8,"column":31},"end":{"line":8,"column":58}},{"start":{"line":8,"column":62},"end":{"line":8,"column":73}}]},"1":{"loc":{"start":{"line":9,"column":27},"end":{"line":9,"column":91}},"type":"cond-expr","locations":[{"start":{"line":9,"column":53},"end":{"line":9,"column":84}},{"start":{"line":9,"column":87},"end":{"line":9,"column":91}}]}},"s":{"0":1,"1":1,"2":1,"3":1,"4":1,"5":1,"6":1},"f":{},"b":{"0":[1,1],"1":[1,0]}}
,"C:\\Users\\PURPLE BEE TECH\\Desktop\\Builds\\personal\\babtech\\BST_REFER_ADMIN\\src\\config\\logging.ts": {"path":"C:\\Users\\PURPLE BEE TECH\\Desktop\\Builds\\personal\\babtech\\BST_REFER_ADMIN\\src\\config\\logging.ts","statementMap":{"0":{"start":{"line":36,"column":0},"end":{"line":36,"column":16}},"1":{"start":{"line":56,"column":0},"end":{"line":56,"column":16}},"2":{"start":{"line":60,"column":0},"end":{"line":60,"column":16}},"3":{"start":{"line":75,"column":0},"end":{"line":75,"column":16}},"4":{"start":{"line":90,"column":0},"end":{"line":90,"column":16}},"5":{"start":{"line":1,"column":0},"end":{"line":1,"column":32}},"6":{"start":{"line":3,"column":16},"end":{"line":34,"column":2}},"7":{"start":{"line":37,"column":1},"end":{"line":53,"column":2}},"8":{"start":{"line":38,"column":16},"end":{"line":38,"column":27}},"9":{"start":{"line":40,"column":2},"end":{"line":40,"column":39}},"10":{"start":{"line":40,"column":27},"end":{"line":40,"column":39}},"11":{"start":{"line":42,"column":15},"end":{"line":42,"column":35}},"12":{"start":{"line":43,"column":16},"end":{"line":43,"column":39}},"13":{"start":{"line":44,"column":17},"end":{"line":44,"column":34}},"14":{"start":{"line":46,"column":2},"end":{"line":46,"column":35}},"15":{"start":{"line":46,"column":23},"end":{"line":46,"column":35}},"16":{"start":{"line":48,"column":2},"end":{"line":48,"column":37}},"17":{"start":{"line":48,"column":25},"end":{"line":48,"column":37}},"18":{"start":{"line":50,"column":2},"end":{"line":50,"column":19}},"19":{"start":{"line":52,"column":2},"end":{"line":52,"column":14}},"20":{"start":{"line":57,"column":1},"end":{"line":57,"column":140}},"21":{"start":{"line":57,"column":12},"end":{"line":57,"column":140}},"22":{"start":{"line":61,"column":1},"end":{"line":72,"column":4}},"23":{"start":{"line":62,"column":2},"end":{"line":72,"column":4}},"24":{"start":{"line":76,"column":1},"end":{"line":87,"column":4}},"25":{"start":{"line":77,"column":2},"end":{"line":87,"column":4}},"26":{"start":{"line":91,"column":1},"end":{"line":102,"column":4}},"27":{"start":{"line":92,"column":2},"end":{"line":102,"column":4}},"28":{"start":{"line":105,"column":16},"end":{"line":112,"column":2}},"29":{"start":{"line":127,"column":0},"end":{"line":127,"column":29}},"30":{"start":{"line":129,"column":0},"end":{"line":129,"column":23}}},"fnMap":{"0":{"name":"getCallingFunction","decl":{"start":{"line":36,"column":16},"end":{"line":36,"column":34}},"loc":{"start":{"line":36,"column":47},"end":{"line":54,"column":1}}},"1":{"name":"log","decl":{"start":{"line":56,"column":16},"end":{"line":56,"column":19}},"loc":{"start":{"line":56,"column":59},"end":{"line":58,"column":1}}},"2":{"name":"info","decl":{"start":{"line":60,"column":16},"end":{"line":60,"column":20}},"loc":{"start":{"line":60,"column":60},"end":{"line":73,"column":1}}},"3":{"name":"warn","decl":{"start":{"line":75,"column":16},"end":{"line":75,"column":20}},"loc":{"start":{"line":75,"column":60},"end":{"line":88,"column":1}}},"4":{"name":"error","decl":{"start":{"line":90,"column":16},"end":{"line":90,"column":21}},"loc":{"start":{"line":90,"column":61},"end":{"line":103,"column":1}}}},"branchMap":{"0":{"loc":{"start":{"line":40,"column":2},"end":{"line":40,"column":39}},"type":"if","locations":[{"start":{"line":40,"column":2},"end":{"line":40,"column":39}}]},"1":{"loc":{"start":{"line":46,"column":2},"end":{"line":46,"column":35}},"type":"if","locations":[{"start":{"line":46,"column":2},"end":{"line":46,"column":35}}]},"2":{"loc":{"start":{"line":48,"column":2},"end":{"line":48,"column":37}},"type":"if","locations":[{"start":{"line":48,"column":2},"end":{"line":48,"column":37}}]},"3":{"loc":{"start":{"line":57,"column":1},"end":{"line":57,"column":140}},"type":"if","locations":[{"start":{"line":57,"column":1},"end":{"line":57,"column":140}}]},"4":{"loc":{"start":{"line":61,"column":1},"end":{"line":72,"column":4}},"type":"if","locations":[{"start":{"line":61,"column":1},"end":{"line":72,"column":4}}]},"5":{"loc":{"start":{"line":76,"column":1},"end":{"line":87,"column":4}},"type":"if","locations":[{"start":{"line":76,"column":1},"end":{"line":87,"column":4}}]},"6":{"loc":{"start":{"line":91,"column":1},"end":{"line":102,"column":4}},"type":"if","locations":[{"start":{"line":91,"column":1},"end":{"line":102,"column":4}}]}},"s":{"0":1,"1":1,"2":1,"3":1,"4":1,"5":1,"6":1,"7":0,"8":0,"9":0,"10":0,"11":0,"12":0,"13":0,"14":0,"15":0,"16":0,"17":0,"18":0,"19":0,"20":7,"21":0,"22":12,"23":0,"24":0,"25":0,"26":0,"27":0,"28":1,"29":1,"30":1},"f":{"0":0,"1":7,"2":12,"3":0,"4":0},"b":{"0":[0],"1":[0],"2":[0],"3":[0],"4":[0],"5":[0],"6":[0]}}
,"C:\\Users\\PURPLE BEE TECH\\Desktop\\Builds\\personal\\babtech\\BST_REFER_ADMIN\\src\\middleware\\corsHandler.ts": {"path":"C:\\Users\\PURPLE BEE TECH\\Desktop\\Builds\\personal\\babtech\\BST_REFER_ADMIN\\src\\middleware\\corsHandler.ts","statementMap":{"0":{"start":{"line":3,"column":0},"end":{"line":3,"column":16}},"1":{"start":{"line":4,"column":4},"end":{"line":4,"column":68}},"2":{"start":{"line":5,"column":4},"end":{"line":5,"column":112}},"3":{"start":{"line":6,"column":4},"end":{"line":6,"column":59}},"4":{"start":{"line":8,"column":4},"end":{"line":11,"column":5}},"5":{"start":{"line":9,"column":8},"end":{"line":9,"column":84}},"6":{"start":{"line":10,"column":8},"end":{"line":10,"column":40}},"7":{"start":{"line":13,"column":4},"end":{"line":13,"column":11}}},"fnMap":{"0":{"name":"corsHandler","decl":{"start":{"line":3,"column":16},"end":{"line":3,"column":27}},"loc":{"start":{"line":3,"column":75},"end":{"line":14,"column":1}}}},"branchMap":{"0":{"loc":{"start":{"line":8,"column":4},"end":{"line":11,"column":5}},"type":"if","locations":[{"start":{"line":8,"column":4},"end":{"line":11,"column":5}}]}},"s":{"0":1,"1":2,"2":2,"3":2,"4":2,"5":1,"6":1,"7":1},"f":{"0":2},"b":{"0":[1]}}
,"C:\\Users\\PURPLE BEE TECH\\Desktop\\Builds\\personal\\babtech\\BST_REFER_ADMIN\\src\\middleware\\errorHandler.ts": {"path":"C:\\Users\\PURPLE BEE TECH\\Desktop\\Builds\\personal\\babtech\\BST_REFER_ADMIN\\src\\middleware\\errorHandler.ts","statementMap":{"0":{"start":{"line":3,"column":0},"end":{"line":3,"column":16}},"1":{"start":{"line":4,"column":20},"end":{"line":4,"column":65}},"2":{"start":{"line":6,"column":1},"end":{"line":6,"column":24}},"3":{"start":{"line":7,"column":1},"end":{"line":12,"column":4}}},"fnMap":{"0":{"name":"errorHandler","decl":{"start":{"line":3,"column":16},"end":{"line":3,"column":28}},"loc":{"start":{"line":3,"column":88},"end":{"line":13,"column":1}}}},"branchMap":{"0":{"loc":{"start":{"line":4,"column":20},"end":{"line":4,"column":65}},"type":"cond-expr","locations":[{"start":{"line":4,"column":45},"end":{"line":4,"column":59}},{"start":{"line":4,"column":62},"end":{"line":4,"column":65}}]},"1":{"loc":{"start":{"line":9,"column":12},"end":{"line":9,"column":111}},"type":"cond-expr","locations":[{"start":{"line":9,"column":33},"end":{"line":9,"column":56}},{"start":{"line":9,"column":59},"end":{"line":9,"column":111}}]},"2":{"loc":{"start":{"line":9,"column":59},"end":{"line":9,"column":111}},"type":"cond-expr","locations":[{"start":{"line":9,"column":80},"end":{"line":9,"column":97}},{"start":{"line":9,"column":100},"end":{"line":9,"column":111}}]},"3":{"loc":{"start":{"line":10,"column":10},"end":{"line":10,"column":66}},"type":"cond-expr","locations":[{"start":{"line":10,"column":50},"end":{"line":10,"column":54}},{"start":{"line":10,"column":57},"end":{"line":10,"column":66}}]}},"s":{"0":1,"1":0,"2":0,"3":0},"f":{"0":0},"b":{"0":[0,0],"1":[0,0],"2":[0,0],"3":[0,0]}}
,"C:\\Users\\PURPLE BEE TECH\\Desktop\\Builds\\personal\\babtech\\BST_REFER_ADMIN\\src\\middleware\\loggingHandler.ts": {"path":"C:\\Users\\PURPLE BEE TECH\\Desktop\\Builds\\personal\\babtech\\BST_REFER_ADMIN\\src\\middleware\\loggingHandler.ts","statementMap":{"0":{"start":{"line":3,"column":0},"end":{"line":3,"column":16}},"1":{"start":{"line":4,"column":1},"end":{"line":4,"column":108}},"2":{"start":{"line":6,"column":1},"end":{"line":8,"column":4}},"3":{"start":{"line":7,"column":2},"end":{"line":7,"column":136}},"4":{"start":{"line":10,"column":1},"end":{"line":10,"column":8}}},"fnMap":{"0":{"name":"loggingHandler","decl":{"start":{"line":3,"column":16},"end":{"line":3,"column":30}},"loc":{"start":{"line":3,"column":78},"end":{"line":11,"column":1}}},"1":{"name":"(anonymous_1)","decl":{"start":{"line":6,"column":18},"end":{"line":6,"column":21}},"loc":{"start":{"line":6,"column":23},"end":{"line":8,"column":2}}}},"branchMap":{},"s":{"0":1,"1":2,"2":2,"3":2,"4":2},"f":{"0":2,"1":2},"b":{}}
}
