{"C:\\Users\\PURPLE BEE TECH\\Desktop\\Builds\\personal\\babtech\\BST_REFER_BACKEND\\src\\app.ts": {"path":"C:\\Users\\PURPLE BEE TECH\\Desktop\\Builds\\personal\\babtech\\BST_REFER_BACKEND\\src\\app.ts","statementMap":{"0":{"start":{"line":1,"column":0},"end":{"line":1,"column":30}},"1":{"start":{"line":2,"column":0},"end":{"line":2,"column":61}},"2":{"start":{"line":3,"column":0},"end":{"line":3,"column":55}},"3":{"start":{"line":4,"column":0},"end":{"line":4,"column":57}},"4":{"start":{"line":5,"column":0},"end":{"line":5,"column":33}},"5":{"start":{"line":6,"column":0},"end":{"line":6,"column":26}},"6":{"start":{"line":7,"column":0},"end":{"line":7,"column":29}},"7":{"start":{"line":8,"column":0},"end":{"line":8,"column":68}},"8":{"start":{"line":9,"column":0},"end":{"line":9,"column":32}},"9":{"start":{"line":10,"column":0},"end":{"line":10,"column":60}},"10":{"start":{"line":11,"column":0},"end":{"line":11,"column":64}},"11":{"start":{"line":12,"column":0},"end":{"line":12,"column":66}},"12":{"start":{"line":13,"column":0},"end":{"line":13,"column":60}},"13":{"start":{"line":15,"column":20},"end":{"line":15,"column":29}},"14":{"start":{"line":51,"column":9},"end":{"line":51,"column":20}},"15":{"start":{"line":17,"column":0},"end":{"line":17,"column":60}},"16":{"start":{"line":18,"column":0},"end":{"line":18,"column":41}},"17":{"start":{"line":19,"column":0},"end":{"line":19,"column":60}},"18":{"start":{"line":20,"column":0},"end":{"line":20,"column":32}},"19":{"start":{"line":21,"column":0},"end":{"line":21,"column":56}},"20":{"start":{"line":23,"column":0},"end":{"line":23,"column":60}},"21":{"start":{"line":24,"column":0},"end":{"line":24,"column":40}},"22":{"start":{"line":25,"column":0},"end":{"line":25,"column":60}},"23":{"start":{"line":26,"column":0},"end":{"line":26,"column":32}},"24":{"start":{"line":27,"column":0},"end":{"line":27,"column":29}},"25":{"start":{"line":29,"column":0},"end":{"line":29,"column":60}},"26":{"start":{"line":30,"column":0},"end":{"line":30,"column":32}},"27":{"start":{"line":31,"column":0},"end":{"line":31,"column":60}},"28":{"start":{"line":32,"column":0},"end":{"line":32,"column":30}},"29":{"start":{"line":35,"column":0},"end":{"line":35,"column":39}},"30":{"start":{"line":38,"column":0},"end":{"line":38,"column":29}},"31":{"start":{"line":39,"column":0},"end":{"line":39,"column":31}},"32":{"start":{"line":40,"column":0},"end":{"line":40,"column":32}},"33":{"start":{"line":41,"column":0},"end":{"line":41,"column":29}},"34":{"start":{"line":44,"column":0},"end":{"line":44,"column":35}},"35":{"start":{"line":47,"column":0},"end":{"line":49,"column":3}},"36":{"start":{"line":47,"column":38},"end":{"line":49,"column":2}},"37":{"start":{"line":48,"column":1},"end":{"line":48,"column":30}}},"fnMap":{"0":{"name":"(anonymous_8)","decl":{"start":{"line":47,"column":27},"end":{"line":47,"column":36}},"loc":{"start":{"line":47,"column":38},"end":{"line":49,"column":2}}},"1":{"name":"(anonymous_9)","decl":{"start":{"line":47,"column":38},"end":{"line":47,"column":null}},"loc":{"start":{"line":47,"column":38},"end":{"line":49,"column":1}}}},"branchMap":{},"s":{"0":1,"1":1,"2":1,"3":1,"4":1,"5":1,"6":1,"7":1,"8":1,"9":1,"10":1,"11":1,"12":1,"13":1,"14":1,"15":1,"16":1,"17":1,"18":1,"19":1,"20":1,"21":1,"22":1,"23":1,"24":1,"25":1,"26":1,"27":1,"28":1,"29":1,"30":1,"31":1,"32":1,"33":1,"34":1,"35":1,"36":0,"37":0},"f":{"0":0,"1":0},"b":{}}
,"C:\\Users\\PURPLE BEE TECH\\Desktop\\Builds\\personal\\babtech\\BST_REFER_BACKEND\\src\\config\\config.ts": {"path":"C:\\Users\\PURPLE BEE TECH\\Desktop\\Builds\\personal\\babtech\\BST_REFER_BACKEND\\src\\config\\config.ts","statementMap":{"0":{"start":{"line":1,"column":0},"end":{"line":1,"column":28}},"1":{"start":{"line":3,"column":0},"end":{"line":3,"column":16}},"2":{"start":{"line":5,"column":13},"end":{"line":5,"column":66}},"3":{"start":{"line":6,"column":13},"end":{"line":6,"column":52}},"4":{"start":{"line":8,"column":13},"end":{"line":8,"column":74}},"5":{"start":{"line":9,"column":13},"end":{"line":9,"column":59}},"6":{"start":{"line":12,"column":13},"end":{"line":12,"column":51}},"7":{"start":{"line":14,"column":13},"end":{"line":18,"column":2}}},"fnMap":{},"branchMap":{"0":{"loc":{"start":{"line":8,"column":31},"end":{"line":8,"column":73}},"type":"binary-expr","locations":[{"start":{"line":8,"column":31},"end":{"line":8,"column":58}},{"start":{"line":8,"column":62},"end":{"line":8,"column":73}}]},"1":{"loc":{"start":{"line":9,"column":27},"end":{"line":9,"column":58}},"type":"binary-expr","locations":[{"start":{"line":9,"column":27},"end":{"line":9,"column":50}},{"start":{"line":9,"column":54},"end":{"line":9,"column":58}}]}},"s":{"0":1,"1":1,"2":1,"3":1,"4":1,"5":1,"6":1,"7":1},"f":{},"b":{"0":[1,1],"1":[1,0]}}
,"C:\\Users\\PURPLE BEE TECH\\Desktop\\Builds\\personal\\babtech\\BST_REFER_BACKEND\\src\\config\\logging.ts": {"path":"C:\\Users\\PURPLE BEE TECH\\Desktop\\Builds\\personal\\babtech\\BST_REFER_BACKEND\\src\\config\\logging.ts","statementMap":{"0":{"start":{"line":36,"column":0},"end":{"line":36,"column":16}},"1":{"start":{"line":56,"column":0},"end":{"line":56,"column":16}},"2":{"start":{"line":60,"column":0},"end":{"line":60,"column":16}},"3":{"start":{"line":75,"column":0},"end":{"line":75,"column":16}},"4":{"start":{"line":90,"column":0},"end":{"line":90,"column":16}},"5":{"start":{"line":1,"column":0},"end":{"line":1,"column":32}},"6":{"start":{"line":3,"column":16},"end":{"line":34,"column":2}},"7":{"start":{"line":37,"column":1},"end":{"line":53,"column":2}},"8":{"start":{"line":38,"column":16},"end":{"line":38,"column":27}},"9":{"start":{"line":40,"column":2},"end":{"line":40,"column":39}},"10":{"start":{"line":40,"column":27},"end":{"line":40,"column":39}},"11":{"start":{"line":42,"column":15},"end":{"line":42,"column":35}},"12":{"start":{"line":43,"column":16},"end":{"line":43,"column":39}},"13":{"start":{"line":44,"column":17},"end":{"line":44,"column":34}},"14":{"start":{"line":46,"column":2},"end":{"line":46,"column":35}},"15":{"start":{"line":46,"column":23},"end":{"line":46,"column":35}},"16":{"start":{"line":48,"column":2},"end":{"line":48,"column":37}},"17":{"start":{"line":48,"column":25},"end":{"line":48,"column":37}},"18":{"start":{"line":50,"column":2},"end":{"line":50,"column":19}},"19":{"start":{"line":52,"column":2},"end":{"line":52,"column":14}},"20":{"start":{"line":57,"column":1},"end":{"line":57,"column":140}},"21":{"start":{"line":57,"column":12},"end":{"line":57,"column":140}},"22":{"start":{"line":61,"column":1},"end":{"line":72,"column":4}},"23":{"start":{"line":62,"column":2},"end":{"line":72,"column":4}},"24":{"start":{"line":76,"column":1},"end":{"line":87,"column":4}},"25":{"start":{"line":77,"column":2},"end":{"line":87,"column":4}},"26":{"start":{"line":91,"column":1},"end":{"line":102,"column":4}},"27":{"start":{"line":92,"column":2},"end":{"line":102,"column":4}},"28":{"start":{"line":105,"column":16},"end":{"line":112,"column":2}},"29":{"start":{"line":127,"column":0},"end":{"line":127,"column":29}},"30":{"start":{"line":129,"column":0},"end":{"line":129,"column":23}}},"fnMap":{"0":{"name":"getCallingFunction","decl":{"start":{"line":36,"column":16},"end":{"line":36,"column":34}},"loc":{"start":{"line":36,"column":47},"end":{"line":54,"column":1}}},"1":{"name":"log","decl":{"start":{"line":56,"column":16},"end":{"line":56,"column":19}},"loc":{"start":{"line":56,"column":59},"end":{"line":58,"column":1}}},"2":{"name":"info","decl":{"start":{"line":60,"column":16},"end":{"line":60,"column":20}},"loc":{"start":{"line":60,"column":60},"end":{"line":73,"column":1}}},"3":{"name":"warn","decl":{"start":{"line":75,"column":16},"end":{"line":75,"column":20}},"loc":{"start":{"line":75,"column":60},"end":{"line":88,"column":1}}},"4":{"name":"error","decl":{"start":{"line":90,"column":16},"end":{"line":90,"column":21}},"loc":{"start":{"line":90,"column":61},"end":{"line":103,"column":1}}}},"branchMap":{"0":{"loc":{"start":{"line":40,"column":2},"end":{"line":40,"column":39}},"type":"if","locations":[{"start":{"line":40,"column":2},"end":{"line":40,"column":39}}]},"1":{"loc":{"start":{"line":46,"column":2},"end":{"line":46,"column":35}},"type":"if","locations":[{"start":{"line":46,"column":2},"end":{"line":46,"column":35}}]},"2":{"loc":{"start":{"line":48,"column":2},"end":{"line":48,"column":37}},"type":"if","locations":[{"start":{"line":48,"column":2},"end":{"line":48,"column":37}}]},"3":{"loc":{"start":{"line":57,"column":1},"end":{"line":57,"column":140}},"type":"if","locations":[{"start":{"line":57,"column":1},"end":{"line":57,"column":140}}]},"4":{"loc":{"start":{"line":61,"column":1},"end":{"line":72,"column":4}},"type":"if","locations":[{"start":{"line":61,"column":1},"end":{"line":72,"column":4}}]},"5":{"loc":{"start":{"line":76,"column":1},"end":{"line":87,"column":4}},"type":"if","locations":[{"start":{"line":76,"column":1},"end":{"line":87,"column":4}}]},"6":{"loc":{"start":{"line":91,"column":1},"end":{"line":102,"column":4}},"type":"if","locations":[{"start":{"line":91,"column":1},"end":{"line":102,"column":4}}]}},"s":{"0":1,"1":1,"2":1,"3":1,"4":1,"5":1,"6":1,"7":0,"8":0,"9":0,"10":0,"11":0,"12":0,"13":0,"14":0,"15":0,"16":0,"17":0,"18":0,"19":0,"20":50,"21":0,"22":9,"23":0,"24":0,"25":0,"26":0,"27":0,"28":1,"29":1,"30":1},"f":{"0":0,"1":50,"2":9,"3":0,"4":0},"b":{"0":[0],"1":[0],"2":[0],"3":[0],"4":[0],"5":[0],"6":[0]}}
,"C:\\Users\\PURPLE BEE TECH\\Desktop\\Builds\\personal\\babtech\\BST_REFER_BACKEND\\src\\controllers\\adminControllers.ts": {"path":"C:\\Users\\PURPLE BEE TECH\\Desktop\\Builds\\personal\\babtech\\BST_REFER_BACKEND\\src\\controllers\\adminControllers.ts","statementMap":{"0":{"start":{"line":1,"column":0},"end":{"line":1,"column":null}},"1":{"start":{"line":11,"column":0},"end":{"line":11,"column":57}},"2":{"start":{"line":12,"column":0},"end":{"line":12,"column":null}},"3":{"start":{"line":20,"column":13},"end":{"line":20,"column":53}},"4":{"start":{"line":21,"column":13},"end":{"line":21,"column":61}},"5":{"start":{"line":22,"column":13},"end":{"line":22,"column":62}},"6":{"start":{"line":23,"column":13},"end":{"line":23,"column":62}},"7":{"start":{"line":24,"column":13},"end":{"line":24,"column":63}},"8":{"start":{"line":25,"column":13},"end":{"line":25,"column":61}},"9":{"start":{"line":26,"column":13},"end":{"line":26,"column":55}},"10":{"start":{"line":27,"column":13},"end":{"line":27,"column":66}},"11":{"start":{"line":30,"column":13},"end":{"line":30,"column":60}},"12":{"start":{"line":31,"column":13},"end":{"line":31,"column":64}},"13":{"start":{"line":32,"column":13},"end":{"line":32,"column":79}},"14":{"start":{"line":34,"column":13},"end":{"line":34,"column":68}},"15":{"start":{"line":35,"column":13},"end":{"line":35,"column":72}}},"fnMap":{},"branchMap":{},"s":{"0":1,"1":1,"2":1,"3":1,"4":1,"5":1,"6":1,"7":1,"8":1,"9":1,"10":1,"11":1,"12":1,"13":1,"14":1,"15":1},"f":{},"b":{}}
,"C:\\Users\\PURPLE BEE TECH\\Desktop\\Builds\\personal\\babtech\\BST_REFER_BACKEND\\src\\controllers\\authControllers.ts": {"path":"C:\\Users\\PURPLE BEE TECH\\Desktop\\Builds\\personal\\babtech\\BST_REFER_BACKEND\\src\\controllers\\authControllers.ts","statementMap":{"0":{"start":{"line":1,"column":0},"end":{"line":1,"column":57}},"1":{"start":{"line":2,"column":0},"end":{"line":2,"column":null}},"2":{"start":{"line":13,"column":13},"end":{"line":13,"column":57}},"3":{"start":{"line":14,"column":13},"end":{"line":14,"column":64}},"4":{"start":{"line":15,"column":13},"end":{"line":15,"column":51}},"5":{"start":{"line":16,"column":13},"end":{"line":16,"column":53}},"6":{"start":{"line":17,"column":13},"end":{"line":17,"column":61}},"7":{"start":{"line":18,"column":13},"end":{"line":18,"column":59}},"8":{"start":{"line":19,"column":13},"end":{"line":19,"column":66}}},"fnMap":{},"branchMap":{},"s":{"0":1,"1":1,"2":1,"3":1,"4":1,"5":1,"6":1,"7":1,"8":1},"f":{},"b":{}}
,"C:\\Users\\PURPLE BEE TECH\\Desktop\\Builds\\personal\\babtech\\BST_REFER_BACKEND\\src\\controllers\\bstUserIdsControllers.ts": {"path":"C:\\Users\\PURPLE BEE TECH\\Desktop\\Builds\\personal\\babtech\\BST_REFER_BACKEND\\src\\controllers\\bstUserIdsControllers.ts","statementMap":{"0":{"start":{"line":1,"column":0},"end":{"line":1,"column":57}},"1":{"start":{"line":2,"column":0},"end":{"line":2,"column":null}},"2":{"start":{"line":10,"column":13},"end":{"line":10,"column":59}},"3":{"start":{"line":11,"column":13},"end":{"line":11,"column":61}},"4":{"start":{"line":12,"column":13},"end":{"line":12,"column":71}},"5":{"start":{"line":13,"column":13},"end":{"line":13,"column":72}},"6":{"start":{"line":14,"column":13},"end":{"line":14,"column":72}}},"fnMap":{},"branchMap":{},"s":{"0":1,"1":1,"2":1,"3":1,"4":1,"5":1,"6":1},"f":{},"b":{}}
,"C:\\Users\\PURPLE BEE TECH\\Desktop\\Builds\\personal\\babtech\\BST_REFER_BACKEND\\src\\controllers\\referralControllers.ts": {"path":"C:\\Users\\PURPLE BEE TECH\\Desktop\\Builds\\personal\\babtech\\BST_REFER_BACKEND\\src\\controllers\\referralControllers.ts","statementMap":{"0":{"start":{"line":1,"column":0},"end":{"line":1,"column":57}},"1":{"start":{"line":2,"column":0},"end":{"line":2,"column":143}},"2":{"start":{"line":4,"column":13},"end":{"line":4,"column":55}},"3":{"start":{"line":5,"column":13},"end":{"line":5,"column":56}},"4":{"start":{"line":6,"column":13},"end":{"line":6,"column":67}},"5":{"start":{"line":7,"column":13},"end":{"line":7,"column":68}},"6":{"start":{"line":8,"column":13},"end":{"line":8,"column":68}}},"fnMap":{},"branchMap":{},"s":{"0":1,"1":1,"2":1,"3":1,"4":1,"5":1,"6":1},"f":{},"b":{}}
,"C:\\Users\\PURPLE BEE TECH\\Desktop\\Builds\\personal\\babtech\\BST_REFER_BACKEND\\src\\controllers\\studentControllers.ts": {"path":"C:\\Users\\PURPLE BEE TECH\\Desktop\\Builds\\personal\\babtech\\BST_REFER_BACKEND\\src\\controllers\\studentControllers.ts","statementMap":{"0":{"start":{"line":1,"column":0},"end":{"line":1,"column":57}},"1":{"start":{"line":2,"column":0},"end":{"line":2,"column":138}},"2":{"start":{"line":4,"column":13},"end":{"line":4,"column":53}},"3":{"start":{"line":5,"column":13},"end":{"line":5,"column":54}},"4":{"start":{"line":6,"column":13},"end":{"line":6,"column":65}},"5":{"start":{"line":7,"column":13},"end":{"line":7,"column":66}},"6":{"start":{"line":8,"column":13},"end":{"line":8,"column":66}}},"fnMap":{},"branchMap":{},"s":{"0":1,"1":1,"2":1,"3":1,"4":1,"5":1,"6":1},"f":{},"b":{}}
,"C:\\Users\\PURPLE BEE TECH\\Desktop\\Builds\\personal\\babtech\\BST_REFER_BACKEND\\src\\controllers\\supportController.ts": {"path":"C:\\Users\\PURPLE BEE TECH\\Desktop\\Builds\\personal\\babtech\\BST_REFER_BACKEND\\src\\controllers\\supportController.ts","statementMap":{"0":{"start":{"line":1,"column":0},"end":{"line":1,"column":57}},"1":{"start":{"line":2,"column":0},"end":{"line":2,"column":58}},"2":{"start":{"line":4,"column":13},"end":{"line":4,"column":55}}},"fnMap":{},"branchMap":{},"s":{"0":1,"1":1,"2":1},"f":{},"b":{}}
,"C:\\Users\\PURPLE BEE TECH\\Desktop\\Builds\\personal\\babtech\\BST_REFER_BACKEND\\src\\controllers\\userControllers.ts": {"path":"C:\\Users\\PURPLE BEE TECH\\Desktop\\Builds\\personal\\babtech\\BST_REFER_BACKEND\\src\\controllers\\userControllers.ts","statementMap":{"0":{"start":{"line":1,"column":0},"end":{"line":1,"column":57}},"1":{"start":{"line":2,"column":0},"end":{"line":2,"column":null}},"2":{"start":{"line":11,"column":13},"end":{"line":11,"column":59}},"3":{"start":{"line":12,"column":13},"end":{"line":12,"column":61}},"4":{"start":{"line":13,"column":13},"end":{"line":13,"column":64}},"5":{"start":{"line":14,"column":13},"end":{"line":14,"column":60}},"6":{"start":{"line":15,"column":13},"end":{"line":15,"column":66}},"7":{"start":{"line":16,"column":13},"end":{"line":16,"column":61}}},"fnMap":{},"branchMap":{},"s":{"0":1,"1":1,"2":1,"3":1,"4":1,"5":1,"6":1,"7":1},"f":{},"b":{}}
,"C:\\Users\\PURPLE BEE TECH\\Desktop\\Builds\\personal\\babtech\\BST_REFER_BACKEND\\src\\controllers\\walletControllers.ts": {"path":"C:\\Users\\PURPLE BEE TECH\\Desktop\\Builds\\personal\\babtech\\BST_REFER_BACKEND\\src\\controllers\\walletControllers.ts","statementMap":{"0":{"start":{"line":1,"column":0},"end":{"line":1,"column":57}},"1":{"start":{"line":2,"column":0},"end":{"line":2,"column":120}},"2":{"start":{"line":4,"column":13},"end":{"line":4,"column":64}},"3":{"start":{"line":7,"column":13},"end":{"line":7,"column":73}},"4":{"start":{"line":8,"column":13},"end":{"line":8,"column":83}}},"fnMap":{},"branchMap":{},"s":{"0":1,"1":1,"2":1,"3":1,"4":1},"f":{},"b":{}}
,"C:\\Users\\PURPLE BEE TECH\\Desktop\\Builds\\personal\\babtech\\BST_REFER_BACKEND\\src\\controllers\\withdrawalControllers.ts": {"path":"C:\\Users\\PURPLE BEE TECH\\Desktop\\Builds\\personal\\babtech\\BST_REFER_BACKEND\\src\\controllers\\withdrawalControllers.ts","statementMap":{"0":{"start":{"line":1,"column":0},"end":{"line":1,"column":57}},"1":{"start":{"line":2,"column":0},"end":{"line":2,"column":null}},"2":{"start":{"line":11,"column":13},"end":{"line":11,"column":74}},"3":{"start":{"line":12,"column":13},"end":{"line":12,"column":67}},"4":{"start":{"line":15,"column":13},"end":{"line":15,"column":83}},"5":{"start":{"line":16,"column":13},"end":{"line":16,"column":91}},"6":{"start":{"line":17,"column":13},"end":{"line":17,"column":67}},"7":{"start":{"line":18,"column":13},"end":{"line":18,"column":67}}},"fnMap":{},"branchMap":{},"s":{"0":1,"1":1,"2":1,"3":1,"4":1,"5":1,"6":1,"7":1},"f":{},"b":{}}
,"C:\\Users\\PURPLE BEE TECH\\Desktop\\Builds\\personal\\babtech\\BST_REFER_BACKEND\\src\\helpers\\cleanUpExpiredUser.ts": {"path":"C:\\Users\\PURPLE BEE TECH\\Desktop\\Builds\\personal\\babtech\\BST_REFER_BACKEND\\src\\helpers\\cleanUpExpiredUser.ts","statementMap":{"0":{"start":{"line":1,"column":0},"end":{"line":1,"column":39}},"1":{"start":{"line":2,"column":0},"end":{"line":2,"column":54}},"2":{"start":{"line":5,"column":36},"end":{"line":20,"column":2}},"3":{"start":{"line":5,"column":47},"end":{"line":20,"column":2}},"4":{"start":{"line":6,"column":1},"end":{"line":19,"column":2}},"5":{"start":{"line":7,"column":14},"end":{"line":7,"column":24}},"6":{"start":{"line":8,"column":24},"end":{"line":8,"column":78}},"7":{"start":{"line":11,"column":2},"end":{"line":16,"column":4}},"8":{"start":{"line":12,"column":37},"end":{"line":15,"column":5}},"9":{"start":{"line":13,"column":4},"end":{"line":13,"column":79}},"10":{"start":{"line":14,"column":4},"end":{"line":14,"column":54}},"11":{"start":{"line":18,"column":2},"end":{"line":18,"column":62}},"12":{"start":{"line":5,"column":13},"end":{"line":5,"column":36}},"13":{"start":{"line":23,"column":52},"end":{"line":30,"column":2}},"14":{"start":{"line":23,"column":85},"end":{"line":30,"column":2}},"15":{"start":{"line":24,"column":1},"end":{"line":29,"column":2}},"16":{"start":{"line":25,"column":2},"end":{"line":25,"column":67}},"17":{"start":{"line":26,"column":2},"end":{"line":26,"column":56}},"18":{"start":{"line":28,"column":2},"end":{"line":28,"column":82}},"19":{"start":{"line":23,"column":13},"end":{"line":23,"column":52}}},"fnMap":{"0":{"name":"(anonymous_8)","decl":{"start":{"line":5,"column":36},"end":{"line":5,"column":45}},"loc":{"start":{"line":5,"column":47},"end":{"line":20,"column":2}}},"1":{"name":"(anonymous_9)","decl":{"start":{"line":5,"column":47},"end":{"line":5,"column":null}},"loc":{"start":{"line":5,"column":47},"end":{"line":20,"column":1}}},"2":{"name":"(anonymous_10)","decl":{"start":{"line":12,"column":21},"end":{"line":12,"column":28}},"loc":{"start":{"line":12,"column":37},"end":{"line":15,"column":5}}},"3":{"name":"(anonymous_11)","decl":{"start":{"line":12,"column":37},"end":{"line":12,"column":null}},"loc":{"start":{"line":12,"column":37},"end":{"line":15,"column":4}}},"4":{"name":"(anonymous_12)","decl":{"start":{"line":23,"column":52},"end":{"line":23,"column":59}},"loc":{"start":{"line":23,"column":85},"end":{"line":30,"column":2}}},"5":{"name":"(anonymous_13)","decl":{"start":{"line":23,"column":85},"end":{"line":23,"column":null}},"loc":{"start":{"line":23,"column":81},"end":{"line":30,"column":1}}}},"branchMap":{},"s":{"0":2,"1":2,"2":2,"3":0,"4":0,"5":0,"6":0,"7":0,"8":0,"9":0,"10":0,"11":0,"12":2,"13":2,"14":0,"15":0,"16":0,"17":0,"18":0,"19":2},"f":{"0":0,"1":0,"2":0,"3":0,"4":0,"5":0},"b":{}}
,"C:\\Users\\PURPLE BEE TECH\\Desktop\\Builds\\personal\\babtech\\BST_REFER_BACKEND\\src\\helpers\\generateReferralCode.ts": {"path":"C:\\Users\\PURPLE BEE TECH\\Desktop\\Builds\\personal\\babtech\\BST_REFER_BACKEND\\src\\helpers\\generateReferralCode.ts","statementMap":{"0":{"start":{"line":1,"column":0},"end":{"line":1,"column":16}},"1":{"start":{"line":2,"column":22},"end":{"line":2,"column":65}},"2":{"start":{"line":3,"column":1},"end":{"line":3,"column":30}}},"fnMap":{"0":{"name":"generateReferralNumber","decl":{"start":{"line":1,"column":16},"end":{"line":1,"column":38}},"loc":{"start":{"line":1,"column":38},"end":{"line":4,"column":1}}}},"branchMap":{},"s":{"0":2,"1":0,"2":0},"f":{"0":0},"b":{}}
,"C:\\Users\\PURPLE BEE TECH\\Desktop\\Builds\\personal\\babtech\\BST_REFER_BACKEND\\src\\helpers\\handleRequest.ts": {"path":"C:\\Users\\PURPLE BEE TECH\\Desktop\\Builds\\personal\\babtech\\BST_REFER_BACKEND\\src\\helpers\\handleRequest.ts","statementMap":{"0":{"start":{"line":5,"column":29},"end":{"line":21,"column":1}},"1":{"start":{"line":6,"column":1},"end":{"line":20,"column":3}},"2":{"start":{"line":6,"column":72},"end":{"line":20,"column":3}},"3":{"start":{"line":7,"column":2},"end":{"line":19,"column":3}},"4":{"start":{"line":8,"column":18},"end":{"line":13,"column":5}},"5":{"start":{"line":15,"column":16},"end":{"line":15,"column":45}},"6":{"start":{"line":16,"column":3},"end":{"line":16,"column":30}},"7":{"start":{"line":18,"column":3},"end":{"line":18,"column":80}},"8":{"start":{"line":5,"column":13},"end":{"line":5,"column":29}}},"fnMap":{"0":{"name":"(anonymous_7)","decl":{"start":{"line":5,"column":29},"end":{"line":5,"column":30}},"loc":{"start":{"line":5,"column":78},"end":{"line":21,"column":1}}},"1":{"name":"(anonymous_8)","decl":{"start":{"line":6,"column":8},"end":{"line":6,"column":15}},"loc":{"start":{"line":6,"column":72},"end":{"line":20,"column":3}}},"2":{"name":"(anonymous_9)","decl":{"start":{"line":6,"column":72},"end":{"line":6,"column":null}},"loc":{"start":{"line":6,"column":72},"end":{"line":20,"column":2}}}},"branchMap":{},"s":{"0":1,"1":51,"2":25,"3":25,"4":25,"5":25,"6":6,"7":19,"8":1},"f":{"0":51,"1":25,"2":25},"b":{}}
,"C:\\Users\\PURPLE BEE TECH\\Desktop\\Builds\\personal\\babtech\\BST_REFER_BACKEND\\src\\middleware\\adminAuthHandler.ts": {"path":"C:\\Users\\PURPLE BEE TECH\\Desktop\\Builds\\personal\\babtech\\BST_REFER_BACKEND\\src\\middleware\\adminAuthHandler.ts","statementMap":{"0":{"start":{"line":2,"column":0},"end":{"line":2,"column":41}},"1":{"start":{"line":6,"column":0},"end":{"line":6,"column":46}},"2":{"start":{"line":13,"column":20},"end":{"line":17,"column":2}},"3":{"start":{"line":19,"column":20},"end":{"line":23,"column":2}},"4":{"start":{"line":25,"column":35},"end":{"line":41,"column":2}},"5":{"start":{"line":25,"column":106},"end":{"line":41,"column":2}},"6":{"start":{"line":26,"column":1},"end":{"line":40,"column":2}},"7":{"start":{"line":27,"column":16},"end":{"line":27,"column":55}},"8":{"start":{"line":28,"column":2},"end":{"line":28,"column":55}},"9":{"start":{"line":28,"column":14},"end":{"line":28,"column":55}},"10":{"start":{"line":29,"column":2},"end":{"line":37,"column":3}},"11":{"start":{"line":30,"column":20},"end":{"line":30,"column":90}},"12":{"start":{"line":31,"column":22},"end":{"line":31,"column":60}},"13":{"start":{"line":32,"column":3},"end":{"line":32,"column":83}},"14":{"start":{"line":32,"column":42},"end":{"line":32,"column":83}},"15":{"start":{"line":33,"column":3},"end":{"line":33,"column":34}},"16":{"start":{"line":34,"column":3},"end":{"line":34,"column":10}},"17":{"start":{"line":36,"column":3},"end":{"line":36,"column":37}},"18":{"start":{"line":39,"column":2},"end":{"line":39,"column":36}},"19":{"start":{"line":25,"column":13},"end":{"line":25,"column":35}},"20":{"start":{"line":43,"column":38},"end":{"line":59,"column":2}},"21":{"start":{"line":43,"column":109},"end":{"line":59,"column":2}},"22":{"start":{"line":44,"column":1},"end":{"line":58,"column":2}},"23":{"start":{"line":45,"column":16},"end":{"line":45,"column":55}},"24":{"start":{"line":46,"column":2},"end":{"line":46,"column":59}},"25":{"start":{"line":46,"column":14},"end":{"line":46,"column":59}},"26":{"start":{"line":47,"column":2},"end":{"line":55,"column":3}},"27":{"start":{"line":48,"column":20},"end":{"line":48,"column":90}},"28":{"start":{"line":49,"column":22},"end":{"line":49,"column":60}},"29":{"start":{"line":50,"column":3},"end":{"line":50,"column":65}},"30":{"start":{"line":50,"column":20},"end":{"line":50,"column":65}},"31":{"start":{"line":51,"column":3},"end":{"line":51,"column":34}},"32":{"start":{"line":52,"column":3},"end":{"line":52,"column":10}},"33":{"start":{"line":54,"column":3},"end":{"line":54,"column":41}},"34":{"start":{"line":57,"column":2},"end":{"line":57,"column":40}},"35":{"start":{"line":43,"column":13},"end":{"line":43,"column":38}}},"fnMap":{"0":{"name":"(anonymous_8)","decl":{"start":{"line":25,"column":35},"end":{"line":25,"column":42}},"loc":{"start":{"line":25,"column":106},"end":{"line":41,"column":2}}},"1":{"name":"(anonymous_9)","decl":{"start":{"line":25,"column":106},"end":{"line":25,"column":null}},"loc":{"start":{"line":25,"column":106},"end":{"line":41,"column":1}}},"2":{"name":"(anonymous_10)","decl":{"start":{"line":43,"column":38},"end":{"line":43,"column":45}},"loc":{"start":{"line":43,"column":109},"end":{"line":59,"column":2}}},"3":{"name":"(anonymous_11)","decl":{"start":{"line":43,"column":109},"end":{"line":43,"column":null}},"loc":{"start":{"line":43,"column":109},"end":{"line":59,"column":1}}}},"branchMap":{"0":{"loc":{"start":{"line":26,"column":1},"end":{"line":40,"column":2}},"type":"if","locations":[{"start":{"line":26,"column":1},"end":{"line":40,"column":2}},{"start":{"line":38,"column":8},"end":{"line":40,"column":2}}]},"1":{"loc":{"start":{"line":26,"column":5},"end":{"line":26,"column":80}},"type":"binary-expr","locations":[{"start":{"line":26,"column":5},"end":{"line":26,"column":30}},{"start":{"line":26,"column":34},"end":{"line":26,"column":80}}]},"2":{"loc":{"start":{"line":28,"column":2},"end":{"line":28,"column":55}},"type":"if","locations":[{"start":{"line":28,"column":2},"end":{"line":28,"column":55}}]},"3":{"loc":{"start":{"line":32,"column":3},"end":{"line":32,"column":83}},"type":"if","locations":[{"start":{"line":32,"column":3},"end":{"line":32,"column":83}}]},"4":{"loc":{"start":{"line":32,"column":7},"end":{"line":32,"column":40}},"type":"binary-expr","locations":[{"start":{"line":32,"column":7},"end":{"line":32,"column":18}},{"start":{"line":32,"column":22},"end":{"line":32,"column":40}}]},"5":{"loc":{"start":{"line":44,"column":1},"end":{"line":58,"column":2}},"type":"if","locations":[{"start":{"line":44,"column":1},"end":{"line":58,"column":2}},{"start":{"line":56,"column":8},"end":{"line":58,"column":2}}]},"6":{"loc":{"start":{"line":44,"column":5},"end":{"line":44,"column":80}},"type":"binary-expr","locations":[{"start":{"line":44,"column":5},"end":{"line":44,"column":30}},{"start":{"line":44,"column":34},"end":{"line":44,"column":80}}]},"7":{"loc":{"start":{"line":46,"column":2},"end":{"line":46,"column":59}},"type":"if","locations":[{"start":{"line":46,"column":2},"end":{"line":46,"column":59}}]},"8":{"loc":{"start":{"line":50,"column":3},"end":{"line":50,"column":65}},"type":"if","locations":[{"start":{"line":50,"column":3},"end":{"line":50,"column":65}}]}},"s":{"0":1,"1":1,"2":1,"3":1,"4":1,"5":0,"6":0,"7":0,"8":0,"9":0,"10":0,"11":0,"12":0,"13":0,"14":0,"15":0,"16":0,"17":0,"18":0,"19":1,"20":1,"21":0,"22":0,"23":0,"24":0,"25":0,"26":0,"27":0,"28":0,"29":0,"30":0,"31":0,"32":0,"33":0,"34":0,"35":1},"f":{"0":0,"1":0,"2":0,"3":0},"b":{"0":[0,0],"1":[0,0],"2":[0],"3":[0],"4":[0,0],"5":[0,0],"6":[0,0],"7":[0],"8":[0]}}
,"C:\\Users\\PURPLE BEE TECH\\Desktop\\Builds\\personal\\babtech\\BST_REFER_BACKEND\\src\\middleware\\corsHandler.ts": {"path":"C:\\Users\\PURPLE BEE TECH\\Desktop\\Builds\\personal\\babtech\\BST_REFER_BACKEND\\src\\middleware\\corsHandler.ts","statementMap":{"0":{"start":{"line":3,"column":0},"end":{"line":3,"column":16}},"1":{"start":{"line":4,"column":24},"end":{"line":4,"column":74}},"2":{"start":{"line":5,"column":16},"end":{"line":5,"column":36}},"3":{"start":{"line":7,"column":1},"end":{"line":9,"column":2}},"4":{"start":{"line":8,"column":2},"end":{"line":8,"column":52}},"5":{"start":{"line":11,"column":1},"end":{"line":11,"column":109}},"6":{"start":{"line":12,"column":1},"end":{"line":12,"column":56}},"7":{"start":{"line":14,"column":1},"end":{"line":17,"column":2}},"8":{"start":{"line":15,"column":2},"end":{"line":15,"column":78}},"9":{"start":{"line":16,"column":2},"end":{"line":16,"column":34}},"10":{"start":{"line":19,"column":1},"end":{"line":19,"column":8}}},"fnMap":{"0":{"name":"corsHandler","decl":{"start":{"line":3,"column":16},"end":{"line":3,"column":27}},"loc":{"start":{"line":3,"column":75},"end":{"line":20,"column":1}}}},"branchMap":{"0":{"loc":{"start":{"line":7,"column":1},"end":{"line":9,"column":2}},"type":"if","locations":[{"start":{"line":7,"column":1},"end":{"line":9,"column":2}}]},"1":{"loc":{"start":{"line":7,"column":29},"end":{"line":7,"column":41}},"type":"binary-expr","locations":[{"start":{"line":7,"column":29},"end":{"line":7,"column":35}},{"start":{"line":7,"column":39},"end":{"line":7,"column":41}}]},"2":{"loc":{"start":{"line":14,"column":1},"end":{"line":17,"column":2}},"type":"if","locations":[{"start":{"line":14,"column":1},"end":{"line":17,"column":2}}]}},"s":{"0":1,"1":25,"2":25,"3":25,"4":0,"5":25,"6":25,"7":25,"8":0,"9":0,"10":25},"f":{"0":25},"b":{"0":[0],"1":[25,25],"2":[0]}}
,"C:\\Users\\PURPLE BEE TECH\\Desktop\\Builds\\personal\\babtech\\BST_REFER_BACKEND\\src\\middleware\\errorHandler.ts": {"path":"C:\\Users\\PURPLE BEE TECH\\Desktop\\Builds\\personal\\babtech\\BST_REFER_BACKEND\\src\\middleware\\errorHandler.ts","statementMap":{"0":{"start":{"line":3,"column":0},"end":{"line":3,"column":16}},"1":{"start":{"line":4,"column":20},"end":{"line":4,"column":65}},"2":{"start":{"line":6,"column":1},"end":{"line":6,"column":24}},"3":{"start":{"line":7,"column":1},"end":{"line":12,"column":4}}},"fnMap":{"0":{"name":"errorHandler","decl":{"start":{"line":3,"column":16},"end":{"line":3,"column":28}},"loc":{"start":{"line":3,"column":88},"end":{"line":13,"column":1}}}},"branchMap":{"0":{"loc":{"start":{"line":4,"column":20},"end":{"line":4,"column":65}},"type":"cond-expr","locations":[{"start":{"line":4,"column":45},"end":{"line":4,"column":59}},{"start":{"line":4,"column":62},"end":{"line":4,"column":65}}]},"1":{"loc":{"start":{"line":9,"column":12},"end":{"line":9,"column":111}},"type":"cond-expr","locations":[{"start":{"line":9,"column":33},"end":{"line":9,"column":56}},{"start":{"line":9,"column":59},"end":{"line":9,"column":111}}]},"2":{"loc":{"start":{"line":9,"column":59},"end":{"line":9,"column":111}},"type":"cond-expr","locations":[{"start":{"line":9,"column":80},"end":{"line":9,"column":97}},{"start":{"line":9,"column":100},"end":{"line":9,"column":111}}]},"3":{"loc":{"start":{"line":10,"column":10},"end":{"line":10,"column":66}},"type":"cond-expr","locations":[{"start":{"line":10,"column":50},"end":{"line":10,"column":54}},{"start":{"line":10,"column":57},"end":{"line":10,"column":66}}]}},"s":{"0":1,"1":0,"2":0,"3":0},"f":{"0":0},"b":{"0":[0,0],"1":[0,0],"2":[0,0],"3":[0,0]}}
,"C:\\Users\\PURPLE BEE TECH\\Desktop\\Builds\\personal\\babtech\\BST_REFER_BACKEND\\src\\middleware\\loggingHandler.ts": {"path":"C:\\Users\\PURPLE BEE TECH\\Desktop\\Builds\\personal\\babtech\\BST_REFER_BACKEND\\src\\middleware\\loggingHandler.ts","statementMap":{"0":{"start":{"line":3,"column":0},"end":{"line":3,"column":16}},"1":{"start":{"line":4,"column":1},"end":{"line":4,"column":108}},"2":{"start":{"line":6,"column":1},"end":{"line":8,"column":4}},"3":{"start":{"line":7,"column":2},"end":{"line":7,"column":136}},"4":{"start":{"line":10,"column":1},"end":{"line":10,"column":8}}},"fnMap":{"0":{"name":"loggingHandler","decl":{"start":{"line":3,"column":16},"end":{"line":3,"column":30}},"loc":{"start":{"line":3,"column":78},"end":{"line":11,"column":1}}},"1":{"name":"(anonymous_1)","decl":{"start":{"line":6,"column":18},"end":{"line":6,"column":21}},"loc":{"start":{"line":6,"column":23},"end":{"line":8,"column":2}}}},"branchMap":{},"s":{"0":1,"1":25,"2":25,"3":25,"4":25},"f":{"0":25,"1":25},"b":{}}
,"C:\\Users\\PURPLE BEE TECH\\Desktop\\Builds\\personal\\babtech\\BST_REFER_BACKEND\\src\\middleware\\validationHandler.ts": {"path":"C:\\Users\\PURPLE BEE TECH\\Desktop\\Builds\\personal\\babtech\\BST_REFER_BACKEND\\src\\middleware\\validationHandler.ts","statementMap":{"0":{"start":{"line":4,"column":31},"end":{"line":17,"column":1}},"1":{"start":{"line":5,"column":1},"end":{"line":16,"column":3}},"2":{"start":{"line":6,"column":20},"end":{"line":6,"column":68}},"3":{"start":{"line":8,"column":2},"end":{"line":13,"column":3}},"4":{"start":{"line":9,"column":3},"end":{"line":12,"column":6}},"5":{"start":{"line":11,"column":42},"end":{"line":11,"column":56}},"6":{"start":{"line":15,"column":2},"end":{"line":15,"column":9}},"7":{"start":{"line":4,"column":13},"end":{"line":4,"column":31}}},"fnMap":{"0":{"name":"(anonymous_0)","decl":{"start":{"line":4,"column":31},"end":{"line":4,"column":32}},"loc":{"start":{"line":4,"column":56},"end":{"line":17,"column":1}}},"1":{"name":"(anonymous_1)","decl":{"start":{"line":5,"column":8},"end":{"line":5,"column":9}},"loc":{"start":{"line":5,"column":60},"end":{"line":16,"column":2}}},"2":{"name":"(anonymous_2)","decl":{"start":{"line":11,"column":30},"end":{"line":11,"column":31}},"loc":{"start":{"line":11,"column":42},"end":{"line":11,"column":56}}}},"branchMap":{"0":{"loc":{"start":{"line":8,"column":2},"end":{"line":13,"column":3}},"type":"if","locations":[{"start":{"line":8,"column":2},"end":{"line":13,"column":3}}]}},"s":{"0":1,"1":18,"2":12,"3":12,"4":0,"5":0,"6":12,"7":1},"f":{"0":18,"1":12,"2":0},"b":{"0":[0]}}
,"C:\\Users\\PURPLE BEE TECH\\Desktop\\Builds\\personal\\babtech\\BST_REFER_BACKEND\\src\\models\\adminModel.ts": {"path":"C:\\Users\\PURPLE BEE TECH\\Desktop\\Builds\\personal\\babtech\\BST_REFER_BACKEND\\src\\models\\adminModel.ts","statementMap":{"0":{"start":{"line":1,"column":0},"end":{"line":1,"column":43}},"1":{"start":{"line":4,"column":20},"end":{"line":17,"column":null}},"2":{"start":{"line":20,"column":0},"end":{"line":20,"column":51}}},"fnMap":{},"branchMap":{},"s":{"0":1,"1":1,"2":1},"f":{},"b":{}}
,"C:\\Users\\PURPLE BEE TECH\\Desktop\\Builds\\personal\\babtech\\BST_REFER_BACKEND\\src\\models\\authTokenModel.ts": {"path":"C:\\Users\\PURPLE BEE TECH\\Desktop\\Builds\\personal\\babtech\\BST_REFER_BACKEND\\src\\models\\authTokenModel.ts","statementMap":{"0":{"start":{"line":1,"column":0},"end":{"line":1,"column":41}},"1":{"start":{"line":4,"column":20},"end":{"line":9,"column":2}},"2":{"start":{"line":11,"column":0},"end":{"line":11,"column":55}}},"fnMap":{},"branchMap":{},"s":{"0":2,"1":2,"2":2},"f":{},"b":{}}
,"C:\\Users\\PURPLE BEE TECH\\Desktop\\Builds\\personal\\babtech\\BST_REFER_BACKEND\\src\\models\\bstUserIdsModel.ts": {"path":"C:\\Users\\PURPLE BEE TECH\\Desktop\\Builds\\personal\\babtech\\BST_REFER_BACKEND\\src\\models\\bstUserIdsModel.ts","statementMap":{"0":{"start":{"line":1,"column":0},"end":{"line":1,"column":43}},"1":{"start":{"line":4,"column":21},"end":{"line":14,"column":null}},"2":{"start":{"line":17,"column":0},"end":{"line":17,"column":62}}},"fnMap":{},"branchMap":{},"s":{"0":1,"1":1,"2":1},"f":{},"b":{}}
,"C:\\Users\\PURPLE BEE TECH\\Desktop\\Builds\\personal\\babtech\\BST_REFER_BACKEND\\src\\models\\referralModel.ts": {"path":"C:\\Users\\PURPLE BEE TECH\\Desktop\\Builds\\personal\\babtech\\BST_REFER_BACKEND\\src\\models\\referralModel.ts","statementMap":{"0":{"start":{"line":1,"column":0},"end":{"line":1,"column":32}},"1":{"start":{"line":4,"column":22},"end":{"line":42,"column":null}},"2":{"start":{"line":45,"column":0},"end":{"line":45,"column":57}}},"fnMap":{},"branchMap":{},"s":{"0":1,"1":1,"2":1},"f":{},"b":{}}
,"C:\\Users\\PURPLE BEE TECH\\Desktop\\Builds\\personal\\babtech\\BST_REFER_BACKEND\\src\\models\\studentModel.ts": {"path":"C:\\Users\\PURPLE BEE TECH\\Desktop\\Builds\\personal\\babtech\\BST_REFER_BACKEND\\src\\models\\studentModel.ts","statementMap":{"0":{"start":{"line":1,"column":0},"end":{"line":1,"column":32}},"1":{"start":{"line":4,"column":21},"end":{"line":41,"column":null}},"2":{"start":{"line":44,"column":0},"end":{"line":44,"column":55}}},"fnMap":{},"branchMap":{},"s":{"0":1,"1":1,"2":1},"f":{},"b":{}}
,"C:\\Users\\PURPLE BEE TECH\\Desktop\\Builds\\personal\\babtech\\BST_REFER_BACKEND\\src\\models\\tokenModel.ts": {"path":"C:\\Users\\PURPLE BEE TECH\\Desktop\\Builds\\personal\\babtech\\BST_REFER_BACKEND\\src\\models\\tokenModel.ts","statementMap":{"0":{"start":{"line":1,"column":0},"end":{"line":1,"column":41}},"1":{"start":{"line":4,"column":20},"end":{"line":9,"column":2}},"2":{"start":{"line":11,"column":0},"end":{"line":11,"column":51}}},"fnMap":{},"branchMap":{},"s":{"0":2,"1":2,"2":2},"f":{},"b":{}}
,"C:\\Users\\PURPLE BEE TECH\\Desktop\\Builds\\personal\\babtech\\BST_REFER_BACKEND\\src\\models\\userModel.ts": {"path":"C:\\Users\\PURPLE BEE TECH\\Desktop\\Builds\\personal\\babtech\\BST_REFER_BACKEND\\src\\models\\userModel.ts","statementMap":{"0":{"start":{"line":1,"column":0},"end":{"line":1,"column":43}},"1":{"start":{"line":4,"column":19},"end":{"line":25,"column":null}},"2":{"start":{"line":28,"column":0},"end":{"line":28,"column":48}}},"fnMap":{},"branchMap":{},"s":{"0":2,"1":2,"2":2},"f":{},"b":{}}
,"C:\\Users\\PURPLE BEE TECH\\Desktop\\Builds\\personal\\babtech\\BST_REFER_BACKEND\\src\\models\\walletModel.ts": {"path":"C:\\Users\\PURPLE BEE TECH\\Desktop\\Builds\\personal\\babtech\\BST_REFER_BACKEND\\src\\models\\walletModel.ts","statementMap":{"0":{"start":{"line":1,"column":0},"end":{"line":1,"column":43}},"1":{"start":{"line":4,"column":21},"end":{"line":26,"column":null}},"2":{"start":{"line":29,"column":0},"end":{"line":29,"column":45}}},"fnMap":{},"branchMap":{},"s":{"0":2,"1":2,"2":2},"f":{},"b":{}}
,"C:\\Users\\PURPLE BEE TECH\\Desktop\\Builds\\personal\\babtech\\BST_REFER_BACKEND\\src\\models\\withdrawalModel.ts": {"path":"C:\\Users\\PURPLE BEE TECH\\Desktop\\Builds\\personal\\babtech\\BST_REFER_BACKEND\\src\\models\\withdrawalModel.ts","statementMap":{"0":{"start":{"line":1,"column":0},"end":{"line":1,"column":43}},"1":{"start":{"line":4,"column":25},"end":{"line":13,"column":null}},"2":{"start":{"line":16,"column":0},"end":{"line":16,"column":53}}},"fnMap":{},"branchMap":{},"s":{"0":1,"1":1,"2":1},"f":{},"b":{}}
,"C:\\Users\\PURPLE BEE TECH\\Desktop\\Builds\\personal\\babtech\\BST_REFER_BACKEND\\src\\passport\\facebook\\controllers.ts": {"path":"C:\\Users\\PURPLE BEE TECH\\Desktop\\Builds\\personal\\babtech\\BST_REFER_BACKEND\\src\\passport\\facebook\\controllers.ts","statementMap":{"0":{"start":{"line":2,"column":0},"end":{"line":2,"column":32}},"1":{"start":{"line":3,"column":0},"end":{"line":3,"column":44}},"2":{"start":{"line":4,"column":0},"end":{"line":4,"column":49}},"3":{"start":{"line":6,"column":13},"end":{"line":8,"column":3}},"4":{"start":{"line":10,"column":36},"end":{"line":59,"column":1}},"5":{"start":{"line":11,"column":1},"end":{"line":58,"column":20}},"6":{"start":{"line":11,"column":65},"end":{"line":58,"column":3}},"7":{"start":{"line":12,"column":2},"end":{"line":57,"column":3}},"8":{"start":{"line":13,"column":3},"end":{"line":19,"column":4}},"9":{"start":{"line":14,"column":4},"end":{"line":18,"column":7}},"10":{"start":{"line":21,"column":3},"end":{"line":23,"column":4}},"11":{"start":{"line":22,"column":4},"end":{"line":22,"column":63}},"12":{"start":{"line":26,"column":18},"end":{"line":26,"column":47}},"13":{"start":{"line":28,"column":33},"end":{"line":28,"column":57}},"14":{"start":{"line":29,"column":21},"end":{"line":29,"column":65}},"15":{"start":{"line":31,"column":31},"end":{"line":31,"column":77}},"16":{"start":{"line":33,"column":3},"end":{"line":41,"column":4}},"17":{"start":{"line":34,"column":4},"end":{"line":34,"column":121}},"18":{"start":{"line":36,"column":4},"end":{"line":40,"column":7}},"19":{"start":{"line":43,"column":3},"end":{"line":50,"column":6}},"20":{"start":{"line":52,"column":3},"end":{"line":56,"column":6}},"21":{"start":{"line":10,"column":13},"end":{"line":10,"column":36}}},"fnMap":{"0":{"name":"(anonymous_8)","decl":{"start":{"line":10,"column":36},"end":{"line":10,"column":37}},"loc":{"start":{"line":10,"column":88},"end":{"line":59,"column":1}}},"1":{"name":"(anonymous_9)","decl":{"start":{"line":11,"column":35},"end":{"line":11,"column":42}},"loc":{"start":{"line":11,"column":65},"end":{"line":58,"column":3}}},"2":{"name":"(anonymous_10)","decl":{"start":{"line":11,"column":65},"end":{"line":11,"column":null}},"loc":{"start":{"line":11,"column":65},"end":{"line":58,"column":2}}}},"branchMap":{"0":{"loc":{"start":{"line":13,"column":3},"end":{"line":19,"column":4}},"type":"if","locations":[{"start":{"line":13,"column":3},"end":{"line":19,"column":4}}]},"1":{"loc":{"start":{"line":21,"column":3},"end":{"line":23,"column":4}},"type":"if","locations":[{"start":{"line":21,"column":3},"end":{"line":23,"column":4}}]},"2":{"loc":{"start":{"line":33,"column":3},"end":{"line":41,"column":4}},"type":"if","locations":[{"start":{"line":33,"column":3},"end":{"line":41,"column":4}},{"start":{"line":35,"column":10},"end":{"line":41,"column":4}}]}},"s":{"0":1,"1":1,"2":1,"3":1,"4":1,"5":0,"6":0,"7":0,"8":0,"9":0,"10":0,"11":0,"12":0,"13":0,"14":0,"15":0,"16":0,"17":0,"18":0,"19":0,"20":0,"21":1},"f":{"0":0,"1":0,"2":0},"b":{"0":[0],"1":[0],"2":[0,0]}}
,"C:\\Users\\PURPLE BEE TECH\\Desktop\\Builds\\personal\\babtech\\BST_REFER_BACKEND\\src\\passport\\facebook\\register.ts": {"path":"C:\\Users\\PURPLE BEE TECH\\Desktop\\Builds\\personal\\babtech\\BST_REFER_BACKEND\\src\\passport\\facebook\\register.ts","statementMap":{"0":{"start":{"line":1,"column":0},"end":{"line":1,"column":74}},"1":{"start":{"line":2,"column":0},"end":{"line":2,"column":76}},"2":{"start":{"line":3,"column":0},"end":{"line":3,"column":42}},"3":{"start":{"line":4,"column":0},"end":{"line":4,"column":30}},"4":{"start":{"line":6,"column":13},"end":{"line":55,"column":2}},"5":{"start":{"line":14,"column":121},"end":{"line":54,"column":null}},"6":{"start":{"line":15,"column":2},"end":{"line":53,"column":3}},"7":{"start":{"line":16,"column":3},"end":{"line":16,"column":25}},"8":{"start":{"line":18,"column":14},"end":{"line":20,"column":5}},"9":{"start":{"line":22,"column":3},"end":{"line":48,"column":4}},"10":{"start":{"line":24,"column":18},"end":{"line":24,"column":44}},"11":{"start":{"line":25,"column":4},"end":{"line":27,"column":5}},"12":{"start":{"line":26,"column":5},"end":{"line":26,"column":54}},"13":{"start":{"line":29,"column":30},"end":{"line":31,"column":6}},"14":{"start":{"line":32,"column":4},"end":{"line":34,"column":5}},"15":{"start":{"line":33,"column":5},"end":{"line":33,"column":117}},"16":{"start":{"line":36,"column":4},"end":{"line":46,"column":7}},"17":{"start":{"line":47,"column":4},"end":{"line":47,"column":22}},"18":{"start":{"line":50,"column":3},"end":{"line":50,"column":27}},"19":{"start":{"line":52,"column":3},"end":{"line":52,"column":22}}},"fnMap":{"0":{"name":"(anonymous_8)","decl":{"start":{"line":14,"column":1},"end":{"line":14,"column":8}},"loc":{"start":{"line":14,"column":121},"end":{"line":54,"column":null}}},"1":{"name":"(anonymous_9)","decl":{"start":{"line":14,"column":121},"end":{"line":14,"column":null}},"loc":{"start":{"line":14,"column":121},"end":{"line":54,"column":2}}}},"branchMap":{"0":{"loc":{"start":{"line":22,"column":3},"end":{"line":48,"column":4}},"type":"if","locations":[{"start":{"line":22,"column":3},"end":{"line":48,"column":4}}]},"1":{"loc":{"start":{"line":24,"column":18},"end":{"line":24,"column":44}},"type":"cond-expr","locations":[{"start":{"line":24,"column":37},"end":{"line":24,"column":39}},{"start":{"line":24,"column":37},"end":{"line":24,"column":44}}]},"2":{"loc":{"start":{"line":24,"column":18},"end":{"line":24,"column":39}},"type":"binary-expr","locations":[{"start":{"line":24,"column":18},"end":{"line":24,"column":39}},{"start":{"line":24,"column":37},"end":{"line":24,"column":39}}]},"3":{"loc":{"start":{"line":24,"column":18},"end":{"line":24,"column":37}},"type":"cond-expr","locations":[{"start":{"line":24,"column":32},"end":{"line":24,"column":35}},{"start":{"line":24,"column":32},"end":{"line":24,"column":37}}]},"4":{"loc":{"start":{"line":24,"column":18},"end":{"line":24,"column":35}},"type":"binary-expr","locations":[{"start":{"line":24,"column":18},"end":{"line":24,"column":35}},{"start":{"line":24,"column":32},"end":{"line":24,"column":35}}]},"5":{"loc":{"start":{"line":25,"column":4},"end":{"line":27,"column":5}},"type":"if","locations":[{"start":{"line":25,"column":4},"end":{"line":27,"column":5}}]},"6":{"loc":{"start":{"line":32,"column":4},"end":{"line":34,"column":5}},"type":"if","locations":[{"start":{"line":32,"column":4},"end":{"line":34,"column":5}}]}},"s":{"0":1,"1":1,"2":1,"3":1,"4":1,"5":0,"6":0,"7":0,"8":0,"9":0,"10":0,"11":0,"12":0,"13":0,"14":0,"15":0,"16":0,"17":0,"18":0,"19":0},"f":{"0":0,"1":0},"b":{"0":[0],"1":[0,0],"2":[0,0],"3":[0,0],"4":[0,0],"5":[0],"6":[0]}}
,"C:\\Users\\PURPLE BEE TECH\\Desktop\\Builds\\personal\\babtech\\BST_REFER_BACKEND\\src\\passport\\github\\controllers.ts": {"path":"C:\\Users\\PURPLE BEE TECH\\Desktop\\Builds\\personal\\babtech\\BST_REFER_BACKEND\\src\\passport\\github\\controllers.ts","statementMap":{"0":{"start":{"line":2,"column":0},"end":{"line":2,"column":32}},"1":{"start":{"line":3,"column":0},"end":{"line":3,"column":44}},"2":{"start":{"line":4,"column":0},"end":{"line":4,"column":49}},"3":{"start":{"line":6,"column":13},"end":{"line":6,"column":92}},"4":{"start":{"line":8,"column":34},"end":{"line":53,"column":1}},"5":{"start":{"line":9,"column":1},"end":{"line":52,"column":20}},"6":{"start":{"line":9,"column":63},"end":{"line":52,"column":3}},"7":{"start":{"line":10,"column":2},"end":{"line":51,"column":3}},"8":{"start":{"line":11,"column":3},"end":{"line":17,"column":4}},"9":{"start":{"line":12,"column":4},"end":{"line":16,"column":7}},"10":{"start":{"line":19,"column":3},"end":{"line":21,"column":4}},"11":{"start":{"line":20,"column":4},"end":{"line":20,"column":63}},"12":{"start":{"line":24,"column":18},"end":{"line":24,"column":47}},"13":{"start":{"line":26,"column":33},"end":{"line":26,"column":57}},"14":{"start":{"line":27,"column":21},"end":{"line":27,"column":65}},"15":{"start":{"line":29,"column":31},"end":{"line":29,"column":77}},"16":{"start":{"line":31,"column":3},"end":{"line":35,"column":4}},"17":{"start":{"line":32,"column":4},"end":{"line":32,"column":121}},"18":{"start":{"line":34,"column":4},"end":{"line":34,"column":107}},"19":{"start":{"line":37,"column":3},"end":{"line":44,"column":6}},"20":{"start":{"line":46,"column":3},"end":{"line":50,"column":6}},"21":{"start":{"line":8,"column":13},"end":{"line":8,"column":34}}},"fnMap":{"0":{"name":"(anonymous_8)","decl":{"start":{"line":8,"column":34},"end":{"line":8,"column":35}},"loc":{"start":{"line":8,"column":86},"end":{"line":53,"column":1}}},"1":{"name":"(anonymous_9)","decl":{"start":{"line":9,"column":33},"end":{"line":9,"column":40}},"loc":{"start":{"line":9,"column":63},"end":{"line":52,"column":3}}},"2":{"name":"(anonymous_10)","decl":{"start":{"line":9,"column":63},"end":{"line":9,"column":null}},"loc":{"start":{"line":9,"column":63},"end":{"line":52,"column":2}}}},"branchMap":{"0":{"loc":{"start":{"line":11,"column":3},"end":{"line":17,"column":4}},"type":"if","locations":[{"start":{"line":11,"column":3},"end":{"line":17,"column":4}}]},"1":{"loc":{"start":{"line":19,"column":3},"end":{"line":21,"column":4}},"type":"if","locations":[{"start":{"line":19,"column":3},"end":{"line":21,"column":4}}]},"2":{"loc":{"start":{"line":31,"column":3},"end":{"line":35,"column":4}},"type":"if","locations":[{"start":{"line":31,"column":3},"end":{"line":35,"column":4}},{"start":{"line":33,"column":10},"end":{"line":35,"column":4}}]}},"s":{"0":1,"1":1,"2":1,"3":1,"4":1,"5":0,"6":0,"7":0,"8":0,"9":0,"10":0,"11":0,"12":0,"13":0,"14":0,"15":0,"16":0,"17":0,"18":0,"19":0,"20":0,"21":1},"f":{"0":0,"1":0,"2":0},"b":{"0":[0],"1":[0],"2":[0,0]}}
,"C:\\Users\\PURPLE BEE TECH\\Desktop\\Builds\\personal\\babtech\\BST_REFER_BACKEND\\src\\passport\\github\\register.ts": {"path":"C:\\Users\\PURPLE BEE TECH\\Desktop\\Builds\\personal\\babtech\\BST_REFER_BACKEND\\src\\passport\\github\\register.ts","statementMap":{"0":{"start":{"line":1,"column":0},"end":{"line":1,"column":71}},"1":{"start":{"line":2,"column":0},"end":{"line":2,"column":76}},"2":{"start":{"line":3,"column":0},"end":{"line":3,"column":42}},"3":{"start":{"line":5,"column":0},"end":{"line":5,"column":30}},"4":{"start":{"line":7,"column":13},"end":{"line":58,"column":2}},"5":{"start":{"line":14,"column":92},"end":{"line":57,"column":null}},"6":{"start":{"line":15,"column":2},"end":{"line":56,"column":3}},"7":{"start":{"line":16,"column":3},"end":{"line":16,"column":25}},"8":{"start":{"line":18,"column":14},"end":{"line":20,"column":5}},"9":{"start":{"line":22,"column":3},"end":{"line":51,"column":4}},"10":{"start":{"line":24,"column":18},"end":{"line":24,"column":44}},"11":{"start":{"line":25,"column":4},"end":{"line":27,"column":5}},"12":{"start":{"line":26,"column":5},"end":{"line":26,"column":52}},"13":{"start":{"line":29,"column":30},"end":{"line":31,"column":6}},"14":{"start":{"line":33,"column":4},"end":{"line":35,"column":5}},"15":{"start":{"line":34,"column":5},"end":{"line":34,"column":117}},"16":{"start":{"line":38,"column":4},"end":{"line":49,"column":7}},"17":{"start":{"line":50,"column":4},"end":{"line":50,"column":22}},"18":{"start":{"line":53,"column":3},"end":{"line":53,"column":27}},"19":{"start":{"line":55,"column":3},"end":{"line":55,"column":22}}},"fnMap":{"0":{"name":"(anonymous_8)","decl":{"start":{"line":14,"column":1},"end":{"line":14,"column":8}},"loc":{"start":{"line":14,"column":92},"end":{"line":57,"column":null}}},"1":{"name":"(anonymous_9)","decl":{"start":{"line":14,"column":92},"end":{"line":14,"column":null}},"loc":{"start":{"line":14,"column":92},"end":{"line":57,"column":2}}}},"branchMap":{"0":{"loc":{"start":{"line":22,"column":3},"end":{"line":51,"column":4}},"type":"if","locations":[{"start":{"line":22,"column":3},"end":{"line":51,"column":4}}]},"1":{"loc":{"start":{"line":24,"column":18},"end":{"line":24,"column":44}},"type":"cond-expr","locations":[{"start":{"line":24,"column":37},"end":{"line":24,"column":39}},{"start":{"line":24,"column":37},"end":{"line":24,"column":44}}]},"2":{"loc":{"start":{"line":24,"column":18},"end":{"line":24,"column":39}},"type":"binary-expr","locations":[{"start":{"line":24,"column":18},"end":{"line":24,"column":39}},{"start":{"line":24,"column":37},"end":{"line":24,"column":39}}]},"3":{"loc":{"start":{"line":24,"column":18},"end":{"line":24,"column":37}},"type":"cond-expr","locations":[{"start":{"line":24,"column":32},"end":{"line":24,"column":35}},{"start":{"line":24,"column":32},"end":{"line":24,"column":37}}]},"4":{"loc":{"start":{"line":24,"column":18},"end":{"line":24,"column":35}},"type":"binary-expr","locations":[{"start":{"line":24,"column":18},"end":{"line":24,"column":35}},{"start":{"line":24,"column":32},"end":{"line":24,"column":35}}]},"5":{"loc":{"start":{"line":25,"column":4},"end":{"line":27,"column":5}},"type":"if","locations":[{"start":{"line":25,"column":4},"end":{"line":27,"column":5}}]},"6":{"loc":{"start":{"line":33,"column":4},"end":{"line":35,"column":5}},"type":"if","locations":[{"start":{"line":33,"column":4},"end":{"line":35,"column":5}}]}},"s":{"0":1,"1":1,"2":1,"3":1,"4":1,"5":0,"6":0,"7":0,"8":0,"9":0,"10":0,"11":0,"12":0,"13":0,"14":0,"15":0,"16":0,"17":0,"18":0,"19":0},"f":{"0":0,"1":0},"b":{"0":[0],"1":[0,0],"2":[0,0],"3":[0,0],"4":[0,0],"5":[0],"6":[0]}}
,"C:\\Users\\PURPLE BEE TECH\\Desktop\\Builds\\personal\\babtech\\BST_REFER_BACKEND\\src\\passport\\google\\controllers.ts": {"path":"C:\\Users\\PURPLE BEE TECH\\Desktop\\Builds\\personal\\babtech\\BST_REFER_BACKEND\\src\\passport\\google\\controllers.ts","statementMap":{"0":{"start":{"line":2,"column":0},"end":{"line":2,"column":32}},"1":{"start":{"line":3,"column":0},"end":{"line":3,"column":44}},"2":{"start":{"line":4,"column":0},"end":{"line":4,"column":49}},"3":{"start":{"line":6,"column":13},"end":{"line":8,"column":3}},"4":{"start":{"line":10,"column":34},"end":{"line":55,"column":1}},"5":{"start":{"line":11,"column":1},"end":{"line":54,"column":20}},"6":{"start":{"line":11,"column":63},"end":{"line":54,"column":3}},"7":{"start":{"line":12,"column":2},"end":{"line":53,"column":3}},"8":{"start":{"line":13,"column":3},"end":{"line":19,"column":4}},"9":{"start":{"line":14,"column":4},"end":{"line":18,"column":7}},"10":{"start":{"line":21,"column":3},"end":{"line":23,"column":4}},"11":{"start":{"line":22,"column":4},"end":{"line":22,"column":63}},"12":{"start":{"line":26,"column":18},"end":{"line":26,"column":47}},"13":{"start":{"line":28,"column":33},"end":{"line":28,"column":57}},"14":{"start":{"line":29,"column":21},"end":{"line":29,"column":65}},"15":{"start":{"line":31,"column":31},"end":{"line":31,"column":77}},"16":{"start":{"line":33,"column":3},"end":{"line":37,"column":4}},"17":{"start":{"line":34,"column":4},"end":{"line":34,"column":121}},"18":{"start":{"line":36,"column":4},"end":{"line":36,"column":107}},"19":{"start":{"line":39,"column":3},"end":{"line":46,"column":6}},"20":{"start":{"line":48,"column":3},"end":{"line":52,"column":6}},"21":{"start":{"line":10,"column":13},"end":{"line":10,"column":34}}},"fnMap":{"0":{"name":"(anonymous_8)","decl":{"start":{"line":10,"column":34},"end":{"line":10,"column":35}},"loc":{"start":{"line":10,"column":86},"end":{"line":55,"column":1}}},"1":{"name":"(anonymous_9)","decl":{"start":{"line":11,"column":33},"end":{"line":11,"column":40}},"loc":{"start":{"line":11,"column":63},"end":{"line":54,"column":3}}},"2":{"name":"(anonymous_10)","decl":{"start":{"line":11,"column":63},"end":{"line":11,"column":null}},"loc":{"start":{"line":11,"column":63},"end":{"line":54,"column":2}}}},"branchMap":{"0":{"loc":{"start":{"line":13,"column":3},"end":{"line":19,"column":4}},"type":"if","locations":[{"start":{"line":13,"column":3},"end":{"line":19,"column":4}}]},"1":{"loc":{"start":{"line":21,"column":3},"end":{"line":23,"column":4}},"type":"if","locations":[{"start":{"line":21,"column":3},"end":{"line":23,"column":4}}]},"2":{"loc":{"start":{"line":33,"column":3},"end":{"line":37,"column":4}},"type":"if","locations":[{"start":{"line":33,"column":3},"end":{"line":37,"column":4}},{"start":{"line":35,"column":10},"end":{"line":37,"column":4}}]}},"s":{"0":1,"1":1,"2":1,"3":1,"4":1,"5":0,"6":0,"7":0,"8":0,"9":0,"10":0,"11":0,"12":0,"13":0,"14":0,"15":0,"16":0,"17":0,"18":0,"19":0,"20":0,"21":1},"f":{"0":0,"1":0,"2":0},"b":{"0":[0],"1":[0],"2":[0,0]}}
,"C:\\Users\\PURPLE BEE TECH\\Desktop\\Builds\\personal\\babtech\\BST_REFER_BACKEND\\src\\passport\\google\\register.ts": {"path":"C:\\Users\\PURPLE BEE TECH\\Desktop\\Builds\\personal\\babtech\\BST_REFER_BACKEND\\src\\passport\\google\\register.ts","statementMap":{"0":{"start":{"line":1,"column":0},"end":{"line":1,"column":94}},"1":{"start":{"line":2,"column":0},"end":{"line":2,"column":76}},"2":{"start":{"line":3,"column":0},"end":{"line":3,"column":42}},"3":{"start":{"line":5,"column":0},"end":{"line":5,"column":30}},"4":{"start":{"line":7,"column":13},"end":{"line":58,"column":2}},"5":{"start":{"line":15,"column":103},"end":{"line":57,"column":null}},"6":{"start":{"line":16,"column":2},"end":{"line":56,"column":3}},"7":{"start":{"line":17,"column":3},"end":{"line":17,"column":25}},"8":{"start":{"line":19,"column":14},"end":{"line":21,"column":5}},"9":{"start":{"line":23,"column":3},"end":{"line":51,"column":4}},"10":{"start":{"line":25,"column":18},"end":{"line":25,"column":44}},"11":{"start":{"line":26,"column":4},"end":{"line":28,"column":5}},"12":{"start":{"line":27,"column":5},"end":{"line":27,"column":52}},"13":{"start":{"line":30,"column":30},"end":{"line":32,"column":6}},"14":{"start":{"line":34,"column":4},"end":{"line":36,"column":5}},"15":{"start":{"line":35,"column":5},"end":{"line":35,"column":117}},"16":{"start":{"line":39,"column":4},"end":{"line":49,"column":7}},"17":{"start":{"line":50,"column":4},"end":{"line":50,"column":22}},"18":{"start":{"line":53,"column":3},"end":{"line":53,"column":27}},"19":{"start":{"line":55,"column":3},"end":{"line":55,"column":22}}},"fnMap":{"0":{"name":"(anonymous_8)","decl":{"start":{"line":15,"column":1},"end":{"line":15,"column":8}},"loc":{"start":{"line":15,"column":103},"end":{"line":57,"column":null}}},"1":{"name":"(anonymous_9)","decl":{"start":{"line":15,"column":103},"end":{"line":15,"column":null}},"loc":{"start":{"line":15,"column":103},"end":{"line":57,"column":2}}}},"branchMap":{"0":{"loc":{"start":{"line":23,"column":3},"end":{"line":51,"column":4}},"type":"if","locations":[{"start":{"line":23,"column":3},"end":{"line":51,"column":4}}]},"1":{"loc":{"start":{"line":25,"column":18},"end":{"line":25,"column":44}},"type":"cond-expr","locations":[{"start":{"line":25,"column":37},"end":{"line":25,"column":39}},{"start":{"line":25,"column":37},"end":{"line":25,"column":44}}]},"2":{"loc":{"start":{"line":25,"column":18},"end":{"line":25,"column":39}},"type":"binary-expr","locations":[{"start":{"line":25,"column":18},"end":{"line":25,"column":39}},{"start":{"line":25,"column":37},"end":{"line":25,"column":39}}]},"3":{"loc":{"start":{"line":25,"column":18},"end":{"line":25,"column":37}},"type":"cond-expr","locations":[{"start":{"line":25,"column":32},"end":{"line":25,"column":35}},{"start":{"line":25,"column":32},"end":{"line":25,"column":37}}]},"4":{"loc":{"start":{"line":25,"column":18},"end":{"line":25,"column":35}},"type":"binary-expr","locations":[{"start":{"line":25,"column":18},"end":{"line":25,"column":35}},{"start":{"line":25,"column":32},"end":{"line":25,"column":35}}]},"5":{"loc":{"start":{"line":26,"column":4},"end":{"line":28,"column":5}},"type":"if","locations":[{"start":{"line":26,"column":4},"end":{"line":28,"column":5}}]},"6":{"loc":{"start":{"line":34,"column":4},"end":{"line":36,"column":5}},"type":"if","locations":[{"start":{"line":34,"column":4},"end":{"line":36,"column":5}}]}},"s":{"0":1,"1":1,"2":1,"3":1,"4":1,"5":0,"6":0,"7":0,"8":0,"9":0,"10":0,"11":0,"12":0,"13":0,"14":0,"15":0,"16":0,"17":0,"18":0,"19":0},"f":{"0":0,"1":0},"b":{"0":[0],"1":[0,0],"2":[0,0],"3":[0,0],"4":[0,0],"5":[0],"6":[0]}}
,"C:\\Users\\PURPLE BEE TECH\\Desktop\\Builds\\personal\\babtech\\BST_REFER_BACKEND\\src\\passport\\instagram\\controllers.ts": {"path":"C:\\Users\\PURPLE BEE TECH\\Desktop\\Builds\\personal\\babtech\\BST_REFER_BACKEND\\src\\passport\\instagram\\controllers.ts","statementMap":{"0":{"start":{"line":2,"column":0},"end":{"line":2,"column":32}},"1":{"start":{"line":3,"column":0},"end":{"line":3,"column":44}},"2":{"start":{"line":4,"column":0},"end":{"line":4,"column":49}},"3":{"start":{"line":6,"column":13},"end":{"line":8,"column":3}},"4":{"start":{"line":10,"column":37},"end":{"line":59,"column":1}},"5":{"start":{"line":11,"column":1},"end":{"line":58,"column":20}},"6":{"start":{"line":11,"column":66},"end":{"line":58,"column":3}},"7":{"start":{"line":12,"column":2},"end":{"line":57,"column":3}},"8":{"start":{"line":13,"column":3},"end":{"line":19,"column":4}},"9":{"start":{"line":14,"column":4},"end":{"line":18,"column":7}},"10":{"start":{"line":21,"column":3},"end":{"line":23,"column":4}},"11":{"start":{"line":22,"column":4},"end":{"line":22,"column":63}},"12":{"start":{"line":26,"column":18},"end":{"line":26,"column":47}},"13":{"start":{"line":28,"column":33},"end":{"line":28,"column":57}},"14":{"start":{"line":29,"column":21},"end":{"line":29,"column":65}},"15":{"start":{"line":31,"column":31},"end":{"line":31,"column":77}},"16":{"start":{"line":33,"column":3},"end":{"line":41,"column":4}},"17":{"start":{"line":34,"column":4},"end":{"line":34,"column":121}},"18":{"start":{"line":36,"column":4},"end":{"line":40,"column":7}},"19":{"start":{"line":43,"column":3},"end":{"line":50,"column":6}},"20":{"start":{"line":52,"column":3},"end":{"line":56,"column":6}},"21":{"start":{"line":10,"column":13},"end":{"line":10,"column":37}}},"fnMap":{"0":{"name":"(anonymous_8)","decl":{"start":{"line":10,"column":37},"end":{"line":10,"column":38}},"loc":{"start":{"line":10,"column":89},"end":{"line":59,"column":1}}},"1":{"name":"(anonymous_9)","decl":{"start":{"line":11,"column":36},"end":{"line":11,"column":43}},"loc":{"start":{"line":11,"column":66},"end":{"line":58,"column":3}}},"2":{"name":"(anonymous_10)","decl":{"start":{"line":11,"column":66},"end":{"line":11,"column":null}},"loc":{"start":{"line":11,"column":66},"end":{"line":58,"column":2}}}},"branchMap":{"0":{"loc":{"start":{"line":13,"column":3},"end":{"line":19,"column":4}},"type":"if","locations":[{"start":{"line":13,"column":3},"end":{"line":19,"column":4}}]},"1":{"loc":{"start":{"line":21,"column":3},"end":{"line":23,"column":4}},"type":"if","locations":[{"start":{"line":21,"column":3},"end":{"line":23,"column":4}}]},"2":{"loc":{"start":{"line":33,"column":3},"end":{"line":41,"column":4}},"type":"if","locations":[{"start":{"line":33,"column":3},"end":{"line":41,"column":4}},{"start":{"line":35,"column":10},"end":{"line":41,"column":4}}]}},"s":{"0":1,"1":1,"2":1,"3":1,"4":1,"5":0,"6":0,"7":0,"8":0,"9":0,"10":0,"11":0,"12":0,"13":0,"14":0,"15":0,"16":0,"17":0,"18":0,"19":0,"20":0,"21":1},"f":{"0":0,"1":0,"2":0},"b":{"0":[0],"1":[0],"2":[0,0]}}
,"C:\\Users\\PURPLE BEE TECH\\Desktop\\Builds\\personal\\babtech\\BST_REFER_BACKEND\\src\\passport\\instagram\\register.ts": {"path":"C:\\Users\\PURPLE BEE TECH\\Desktop\\Builds\\personal\\babtech\\BST_REFER_BACKEND\\src\\passport\\instagram\\register.ts","statementMap":{"0":{"start":{"line":1,"column":0},"end":{"line":1,"column":67}},"1":{"start":{"line":2,"column":0},"end":{"line":2,"column":76}},"2":{"start":{"line":3,"column":0},"end":{"line":3,"column":42}},"3":{"start":{"line":4,"column":0},"end":{"line":4,"column":30}},"4":{"start":{"line":6,"column":13},"end":{"line":42,"column":2}},"5":{"start":{"line":13,"column":117},"end":{"line":41,"column":null}},"6":{"start":{"line":14,"column":2},"end":{"line":40,"column":3}},"7":{"start":{"line":15,"column":3},"end":{"line":15,"column":25}},"8":{"start":{"line":17,"column":14},"end":{"line":19,"column":5}},"9":{"start":{"line":21,"column":3},"end":{"line":35,"column":4}},"10":{"start":{"line":24,"column":4},"end":{"line":33,"column":7}},"11":{"start":{"line":34,"column":4},"end":{"line":34,"column":22}},"12":{"start":{"line":37,"column":3},"end":{"line":37,"column":27}},"13":{"start":{"line":39,"column":3},"end":{"line":39,"column":22}}},"fnMap":{"0":{"name":"(anonymous_8)","decl":{"start":{"line":13,"column":1},"end":{"line":13,"column":8}},"loc":{"start":{"line":13,"column":117},"end":{"line":41,"column":null}}},"1":{"name":"(anonymous_9)","decl":{"start":{"line":13,"column":117},"end":{"line":13,"column":null}},"loc":{"start":{"line":13,"column":117},"end":{"line":41,"column":2}}}},"branchMap":{"0":{"loc":{"start":{"line":21,"column":3},"end":{"line":35,"column":4}},"type":"if","locations":[{"start":{"line":21,"column":3},"end":{"line":35,"column":4}}]},"1":{"loc":{"start":{"line":25,"column":15},"end":{"line":25,"column":92}},"type":"binary-expr","locations":[{"start":{"line":25,"column":15},"end":{"line":25,"column":34}},{"start":{"line":25,"column":38},"end":{"line":25,"column":92}}]}},"s":{"0":1,"1":1,"2":1,"3":1,"4":1,"5":0,"6":0,"7":0,"8":0,"9":0,"10":0,"11":0,"12":0,"13":0},"f":{"0":0,"1":0},"b":{"0":[0],"1":[0,0]}}
,"C:\\Users\\PURPLE BEE TECH\\Desktop\\Builds\\personal\\babtech\\BST_REFER_BACKEND\\src\\routes\\v1\\adminRoutes.ts": {"path":"C:\\Users\\PURPLE BEE TECH\\Desktop\\Builds\\personal\\babtech\\BST_REFER_BACKEND\\src\\routes\\v1\\adminRoutes.ts","statementMap":{"0":{"start":{"line":1,"column":0},"end":{"line":1,"column":53}},"1":{"start":{"line":2,"column":0},"end":{"line":2,"column":96}},"2":{"start":{"line":3,"column":0},"end":{"line":3,"column":69}},"3":{"start":{"line":4,"column":0},"end":{"line":4,"column":99}},"4":{"start":{"line":5,"column":0},"end":{"line":5,"column":null}},"5":{"start":{"line":20,"column":0},"end":{"line":20,"column":147}},"6":{"start":{"line":21,"column":0},"end":{"line":21,"column":96}},"7":{"start":{"line":22,"column":0},"end":{"line":22,"column":75}},"8":{"start":{"line":24,"column":13},"end":{"line":24,"column":43}},"9":{"start":{"line":26,"column":0},"end":{"line":26,"column":78}},"10":{"start":{"line":27,"column":0},"end":{"line":27,"column":109}},"11":{"start":{"line":28,"column":0},"end":{"line":28,"column":75}},"12":{"start":{"line":29,"column":0},"end":{"line":29,"column":75}},"13":{"start":{"line":30,"column":0},"end":{"line":30,"column":74}},"14":{"start":{"line":31,"column":0},"end":{"line":31,"column":61}},"15":{"start":{"line":32,"column":0},"end":{"line":32,"column":56}},"16":{"start":{"line":33,"column":0},"end":{"line":33,"column":97}},"17":{"start":{"line":36,"column":13},"end":{"line":36,"column":47}},"18":{"start":{"line":37,"column":0},"end":{"line":37,"column":63}},"19":{"start":{"line":38,"column":0},"end":{"line":38,"column":72}},"20":{"start":{"line":39,"column":0},"end":{"line":39,"column":92}},"21":{"start":{"line":42,"column":13},"end":{"line":42,"column":51}},"22":{"start":{"line":43,"column":0},"end":{"line":43,"column":71}},"23":{"start":{"line":44,"column":0},"end":{"line":44,"column":84}},"24":{"start":{"line":47,"column":13},"end":{"line":47,"column":53}},"25":{"start":{"line":48,"column":0},"end":{"line":48,"column":79}},"26":{"start":{"line":49,"column":0},"end":{"line":49,"column":94}},"27":{"start":{"line":50,"column":0},"end":{"line":50,"column":105}},"28":{"start":{"line":51,"column":0},"end":{"line":51,"column":105}},"29":{"start":{"line":54,"column":13},"end":{"line":54,"column":49}},"30":{"start":{"line":55,"column":0},"end":{"line":55,"column":70}},"31":{"start":{"line":56,"column":0},"end":{"line":56,"column":82}}},"fnMap":{},"branchMap":{},"s":{"0":1,"1":1,"2":1,"3":1,"4":1,"5":1,"6":1,"7":1,"8":1,"9":1,"10":1,"11":1,"12":1,"13":1,"14":1,"15":1,"16":1,"17":1,"18":1,"19":1,"20":1,"21":1,"22":1,"23":1,"24":1,"25":1,"26":1,"27":1,"28":1,"29":1,"30":1,"31":1},"f":{},"b":{}}
,"C:\\Users\\PURPLE BEE TECH\\Desktop\\Builds\\personal\\babtech\\BST_REFER_BACKEND\\src\\routes\\v1\\authRoutes.ts": {"path":"C:\\Users\\PURPLE BEE TECH\\Desktop\\Builds\\personal\\babtech\\BST_REFER_BACKEND\\src\\routes\\v1\\authRoutes.ts","statementMap":{"0":{"start":{"line":1,"column":0},"end":{"line":1,"column":30}},"1":{"start":{"line":2,"column":0},"end":{"line":2,"column":69}},"2":{"start":{"line":3,"column":0},"end":{"line":3,"column":null}},"3":{"start":{"line":12,"column":0},"end":{"line":12,"column":null}},"4":{"start":{"line":24,"column":18},"end":{"line":24,"column":34}},"5":{"start":{"line":26,"column":0},"end":{"line":26,"column":85}},"6":{"start":{"line":27,"column":0},"end":{"line":27,"column":93}},"7":{"start":{"line":28,"column":0},"end":{"line":28,"column":76}},"8":{"start":{"line":29,"column":0},"end":{"line":29,"column":79}},"9":{"start":{"line":30,"column":0},"end":{"line":30,"column":90}},"10":{"start":{"line":31,"column":0},"end":{"line":31,"column":87}},"11":{"start":{"line":32,"column":0},"end":{"line":32,"column":96}},"12":{"start":{"line":34,"column":0},"end":{"line":34,"column":25}}},"fnMap":{},"branchMap":{},"s":{"0":1,"1":1,"2":1,"3":1,"4":1,"5":1,"6":1,"7":1,"8":1,"9":1,"10":1,"11":1,"12":1},"f":{},"b":{}}
,"C:\\Users\\PURPLE BEE TECH\\Desktop\\Builds\\personal\\babtech\\BST_REFER_BACKEND\\src\\routes\\v1\\bstUserIdsRoutes.ts": {"path":"C:\\Users\\PURPLE BEE TECH\\Desktop\\Builds\\personal\\babtech\\BST_REFER_BACKEND\\src\\routes\\v1\\bstUserIdsRoutes.ts","statementMap":{"0":{"start":{"line":1,"column":0},"end":{"line":1,"column":30}},"1":{"start":{"line":2,"column":0},"end":{"line":2,"column":139}},"2":{"start":{"line":3,"column":0},"end":{"line":3,"column":75}},"3":{"start":{"line":4,"column":0},"end":{"line":4,"column":69}},"4":{"start":{"line":5,"column":0},"end":{"line":5,"column":78}},"5":{"start":{"line":7,"column":25},"end":{"line":7,"column":41}},"6":{"start":{"line":9,"column":0},"end":{"line":9,"column":106}},"7":{"start":{"line":10,"column":0},"end":{"line":10,"column":64}},"8":{"start":{"line":11,"column":0},"end":{"line":11,"column":76}},"9":{"start":{"line":12,"column":0},"end":{"line":12,"column":74}},"10":{"start":{"line":13,"column":0},"end":{"line":13,"column":77}},"11":{"start":{"line":15,"column":0},"end":{"line":15,"column":32}}},"fnMap":{},"branchMap":{},"s":{"0":1,"1":1,"2":1,"3":1,"4":1,"5":1,"6":1,"7":1,"8":1,"9":1,"10":1,"11":1},"f":{},"b":{}}
,"C:\\Users\\PURPLE BEE TECH\\Desktop\\Builds\\personal\\babtech\\BST_REFER_BACKEND\\src\\routes\\v1\\index.ts": {"path":"C:\\Users\\PURPLE BEE TECH\\Desktop\\Builds\\personal\\babtech\\BST_REFER_BACKEND\\src\\routes\\v1\\index.ts","statementMap":{"0":{"start":{"line":1,"column":0},"end":{"line":1,"column":30}},"1":{"start":{"line":2,"column":0},"end":{"line":2,"column":38}},"2":{"start":{"line":3,"column":0},"end":{"line":3,"column":37}},"3":{"start":{"line":4,"column":0},"end":{"line":4,"column":45}},"4":{"start":{"line":5,"column":0},"end":{"line":5,"column":119}},"5":{"start":{"line":7,"column":0},"end":{"line":7,"column":43}},"6":{"start":{"line":8,"column":0},"end":{"line":8,"column":45}},"7":{"start":{"line":9,"column":0},"end":{"line":9,"column":53}},"8":{"start":{"line":10,"column":0},"end":{"line":10,"column":47}},"9":{"start":{"line":11,"column":0},"end":{"line":11,"column":50}},"10":{"start":{"line":12,"column":0},"end":{"line":12,"column":46}},"11":{"start":{"line":13,"column":0},"end":{"line":13,"column":50}},"12":{"start":{"line":14,"column":0},"end":{"line":14,"column":52}},"13":{"start":{"line":15,"column":0},"end":{"line":15,"column":46}},"14":{"start":{"line":17,"column":15},"end":{"line":17,"column":31}},"15":{"start":{"line":19,"column":22},"end":{"line":88,"column":2}},"16":{"start":{"line":90,"column":0},"end":{"line":92,"column":3}},"17":{"start":{"line":91,"column":1},"end":{"line":91,"column":37}},"18":{"start":{"line":94,"column":0},"end":{"line":94,"column":22}}},"fnMap":{"0":{"name":"(anonymous_1)","decl":{"start":{"line":90,"column":22},"end":{"line":90,"column":23}},"loc":{"start":{"line":90,"column":32},"end":{"line":92,"column":1}}}},"branchMap":{},"s":{"0":1,"1":1,"2":1,"3":1,"4":1,"5":1,"6":1,"7":1,"8":1,"9":1,"10":1,"11":1,"12":1,"13":1,"14":1,"15":1,"16":1,"17":17,"18":1},"f":{"0":17},"b":{}}
,"C:\\Users\\PURPLE BEE TECH\\Desktop\\Builds\\personal\\babtech\\BST_REFER_BACKEND\\src\\routes\\v1\\referralRoutes.ts": {"path":"C:\\Users\\PURPLE BEE TECH\\Desktop\\Builds\\personal\\babtech\\BST_REFER_BACKEND\\src\\routes\\v1\\referralRoutes.ts","statementMap":{"0":{"start":{"line":1,"column":0},"end":{"line":1,"column":30}},"1":{"start":{"line":2,"column":0},"end":{"line":2,"column":58}},"2":{"start":{"line":3,"column":0},"end":{"line":3,"column":69}},"3":{"start":{"line":4,"column":0},"end":{"line":4,"column":131}},"4":{"start":{"line":5,"column":0},"end":{"line":5,"column":72}},"5":{"start":{"line":8,"column":22},"end":{"line":8,"column":38}},"6":{"start":{"line":10,"column":0},"end":{"line":10,"column":89}},"7":{"start":{"line":11,"column":0},"end":{"line":11,"column":52}},"8":{"start":{"line":12,"column":0},"end":{"line":12,"column":68}},"9":{"start":{"line":13,"column":0},"end":{"line":13,"column":66}},"10":{"start":{"line":14,"column":0},"end":{"line":14,"column":69}},"11":{"start":{"line":16,"column":0},"end":{"line":16,"column":29}}},"fnMap":{},"branchMap":{},"s":{"0":1,"1":1,"2":1,"3":1,"4":1,"5":1,"6":1,"7":1,"8":1,"9":1,"10":1,"11":1},"f":{},"b":{}}
,"C:\\Users\\PURPLE BEE TECH\\Desktop\\Builds\\personal\\babtech\\BST_REFER_BACKEND\\src\\routes\\v1\\stduentRoutes.ts": {"path":"C:\\Users\\PURPLE BEE TECH\\Desktop\\Builds\\personal\\babtech\\BST_REFER_BACKEND\\src\\routes\\v1\\stduentRoutes.ts","statementMap":{"0":{"start":{"line":1,"column":0},"end":{"line":1,"column":30}},"1":{"start":{"line":2,"column":0},"end":{"line":2,"column":69}},"2":{"start":{"line":3,"column":0},"end":{"line":3,"column":125}},"3":{"start":{"line":4,"column":0},"end":{"line":4,"column":72}},"4":{"start":{"line":5,"column":0},"end":{"line":5,"column":75}},"5":{"start":{"line":7,"column":21},"end":{"line":7,"column":37}},"6":{"start":{"line":9,"column":0},"end":{"line":9,"column":95}},"7":{"start":{"line":10,"column":0},"end":{"line":10,"column":57}},"8":{"start":{"line":11,"column":0},"end":{"line":11,"column":73}},"9":{"start":{"line":12,"column":0},"end":{"line":12,"column":71}},"10":{"start":{"line":13,"column":0},"end":{"line":13,"column":74}},"11":{"start":{"line":15,"column":0},"end":{"line":15,"column":28}}},"fnMap":{},"branchMap":{},"s":{"0":1,"1":1,"2":1,"3":1,"4":1,"5":1,"6":1,"7":1,"8":1,"9":1,"10":1,"11":1},"f":{},"b":{}}
,"C:\\Users\\PURPLE BEE TECH\\Desktop\\Builds\\personal\\babtech\\BST_REFER_BACKEND\\src\\routes\\v1\\supportRoutes.ts": {"path":"C:\\Users\\PURPLE BEE TECH\\Desktop\\Builds\\personal\\babtech\\BST_REFER_BACKEND\\src\\routes\\v1\\supportRoutes.ts","statementMap":{"0":{"start":{"line":1,"column":0},"end":{"line":1,"column":30}},"1":{"start":{"line":2,"column":0},"end":{"line":2,"column":69}},"2":{"start":{"line":3,"column":0},"end":{"line":3,"column":71}},"3":{"start":{"line":4,"column":0},"end":{"line":4,"column":58}},"4":{"start":{"line":5,"column":0},"end":{"line":5,"column":66}},"5":{"start":{"line":7,"column":13},"end":{"line":7,"column":45}},"6":{"start":{"line":9,"column":0},"end":{"line":9,"column":100}}},"fnMap":{},"branchMap":{},"s":{"0":1,"1":1,"2":1,"3":1,"4":1,"5":1,"6":1},"f":{},"b":{}}
,"C:\\Users\\PURPLE BEE TECH\\Desktop\\Builds\\personal\\babtech\\BST_REFER_BACKEND\\src\\routes\\v1\\userRoutes.ts": {"path":"C:\\Users\\PURPLE BEE TECH\\Desktop\\Builds\\personal\\babtech\\BST_REFER_BACKEND\\src\\routes\\v1\\userRoutes.ts","statementMap":{"0":{"start":{"line":1,"column":0},"end":{"line":1,"column":30}},"1":{"start":{"line":2,"column":0},"end":{"line":2,"column":58}},"2":{"start":{"line":3,"column":0},"end":{"line":3,"column":132}},"3":{"start":{"line":4,"column":0},"end":{"line":4,"column":69}},"4":{"start":{"line":5,"column":0},"end":{"line":5,"column":118}},"5":{"start":{"line":7,"column":18},"end":{"line":7,"column":34}},"6":{"start":{"line":9,"column":0},"end":{"line":9,"column":46}},"7":{"start":{"line":10,"column":0},"end":{"line":10,"column":54}},"8":{"start":{"line":11,"column":0},"end":{"line":11,"column":112}},"9":{"start":{"line":12,"column":0},"end":{"line":12,"column":110}},"10":{"start":{"line":13,"column":0},"end":{"line":13,"column":113}},"11":{"start":{"line":14,"column":0},"end":{"line":14,"column":72}},"12":{"start":{"line":16,"column":0},"end":{"line":16,"column":25}}},"fnMap":{},"branchMap":{},"s":{"0":1,"1":1,"2":1,"3":1,"4":1,"5":1,"6":1,"7":1,"8":1,"9":1,"10":1,"11":1,"12":1},"f":{},"b":{}}
,"C:\\Users\\PURPLE BEE TECH\\Desktop\\Builds\\personal\\babtech\\BST_REFER_BACKEND\\src\\routes\\v1\\walletRoutes.ts": {"path":"C:\\Users\\PURPLE BEE TECH\\Desktop\\Builds\\personal\\babtech\\BST_REFER_BACKEND\\src\\routes\\v1\\walletRoutes.ts","statementMap":{"0":{"start":{"line":1,"column":0},"end":{"line":1,"column":30}},"1":{"start":{"line":2,"column":0},"end":{"line":2,"column":70}},"2":{"start":{"line":3,"column":0},"end":{"line":3,"column":58}},"3":{"start":{"line":5,"column":13},"end":{"line":5,"column":44}},"4":{"start":{"line":7,"column":0},"end":{"line":7,"column":54}}},"fnMap":{},"branchMap":{},"s":{"0":1,"1":1,"2":1,"3":1,"4":1},"f":{},"b":{}}
,"C:\\Users\\PURPLE BEE TECH\\Desktop\\Builds\\personal\\babtech\\BST_REFER_BACKEND\\src\\routes\\v1\\withdrawalRoutes.ts": {"path":"C:\\Users\\PURPLE BEE TECH\\Desktop\\Builds\\personal\\babtech\\BST_REFER_BACKEND\\src\\routes\\v1\\withdrawalRoutes.ts","statementMap":{"0":{"start":{"line":1,"column":0},"end":{"line":1,"column":30}},"1":{"start":{"line":2,"column":0},"end":{"line":2,"column":98}},"2":{"start":{"line":3,"column":0},"end":{"line":3,"column":58}},"3":{"start":{"line":4,"column":0},"end":{"line":4,"column":69}},"4":{"start":{"line":5,"column":0},"end":{"line":5,"column":80}},"5":{"start":{"line":7,"column":13},"end":{"line":7,"column":48}},"6":{"start":{"line":9,"column":0},"end":{"line":9,"column":63}},"7":{"start":{"line":10,"column":0},"end":{"line":10,"column":121}}},"fnMap":{},"branchMap":{},"s":{"0":1,"1":1,"2":1,"3":1,"4":1,"5":1,"6":1,"7":1},"f":{},"b":{}}
,"C:\\Users\\PURPLE BEE TECH\\Desktop\\Builds\\personal\\babtech\\BST_REFER_BACKEND\\src\\routes\\v1\\passports\\facebook\\index.ts": {"path":"C:\\Users\\PURPLE BEE TECH\\Desktop\\Builds\\personal\\babtech\\BST_REFER_BACKEND\\src\\routes\\v1\\passports\\facebook\\index.ts","statementMap":{"0":{"start":{"line":1,"column":0},"end":{"line":1,"column":30}},"1":{"start":{"line":2,"column":0},"end":{"line":2,"column":102}},"2":{"start":{"line":4,"column":23},"end":{"line":4,"column":39}},"3":{"start":{"line":6,"column":0},"end":{"line":6,"column":53}},"4":{"start":{"line":7,"column":0},"end":{"line":7,"column":63}},"5":{"start":{"line":9,"column":0},"end":{"line":9,"column":30}}},"fnMap":{},"branchMap":{},"s":{"0":1,"1":1,"2":1,"3":1,"4":1,"5":1},"f":{},"b":{}}
,"C:\\Users\\PURPLE BEE TECH\\Desktop\\Builds\\personal\\babtech\\BST_REFER_BACKEND\\src\\routes\\v1\\passports\\github\\index.ts": {"path":"C:\\Users\\PURPLE BEE TECH\\Desktop\\Builds\\personal\\babtech\\BST_REFER_BACKEND\\src\\routes\\v1\\passports\\github\\index.ts","statementMap":{"0":{"start":{"line":1,"column":0},"end":{"line":1,"column":30}},"1":{"start":{"line":2,"column":0},"end":{"line":2,"column":96}},"2":{"start":{"line":4,"column":21},"end":{"line":4,"column":37}},"3":{"start":{"line":6,"column":0},"end":{"line":6,"column":47}},"4":{"start":{"line":7,"column":0},"end":{"line":7,"column":57}},"5":{"start":{"line":9,"column":0},"end":{"line":9,"column":28}}},"fnMap":{},"branchMap":{},"s":{"0":1,"1":1,"2":1,"3":1,"4":1,"5":1},"f":{},"b":{}}
,"C:\\Users\\PURPLE BEE TECH\\Desktop\\Builds\\personal\\babtech\\BST_REFER_BACKEND\\src\\routes\\v1\\passports\\google\\index.ts": {"path":"C:\\Users\\PURPLE BEE TECH\\Desktop\\Builds\\personal\\babtech\\BST_REFER_BACKEND\\src\\routes\\v1\\passports\\google\\index.ts","statementMap":{"0":{"start":{"line":1,"column":0},"end":{"line":1,"column":30}},"1":{"start":{"line":2,"column":0},"end":{"line":2,"column":96}},"2":{"start":{"line":4,"column":21},"end":{"line":4,"column":37}},"3":{"start":{"line":6,"column":0},"end":{"line":6,"column":47}},"4":{"start":{"line":7,"column":0},"end":{"line":7,"column":57}},"5":{"start":{"line":9,"column":0},"end":{"line":9,"column":28}}},"fnMap":{},"branchMap":{},"s":{"0":1,"1":1,"2":1,"3":1,"4":1,"5":1},"f":{},"b":{}}
[...]
end":{"line":149,"column":2}},"59":{"start":{"line":103,"column":27},"end":{"line":103,"column":39}},"60":{"start":{"line":105,"column":21},"end":{"line":105,"column":60}},"61":{"start":{"line":106,"column":2},"end":{"line":106,"column":67}},"62":{"start":{"line":106,"column":19},"end":{"line":106,"column":67}},"63":{"start":{"line":107,"column":2},"end":{"line":107,"column":95}},"64":{"start":{"line":107,"column":39},"end":{"line":107,"column":95}},"65":{"start":{"line":108,"column":2},"end":{"line":108,"column":95}},"66":{"start":{"line":108,"column":39},"end":{"line":108,"column":95}},"67":{"start":{"line":109,"column":23},"end":{"line":109,"column":75}},"68":{"start":{"line":111,"column":2},"end":{"line":111,"column":33}},"69":{"start":{"line":112,"column":2},"end":{"line":112,"column":66}},"70":{"start":{"line":113,"column":2},"end":{"line":113,"column":72}},"71":{"start":{"line":114,"column":2},"end":{"line":118,"column":5}},"72":{"start":{"line":119,"column":2},"end":{"line":119,"column":26}},"73":{"start":{"line":120,"column":2},"end":{"line":120,"column":29}},"74":{"start":{"line":121,"column":20},"end":{"line":121,"column":58}},"75":{"start":{"line":122,"column":2},"end":{"line":122,"column":52}},"76":{"start":{"line":122,"column":18},"end":{"line":122,"column":52}},"77":{"start":{"line":124,"column":2},"end":{"line":137,"column":5}},"78":{"start":{"line":139,"column":2},"end":{"line":146,"column":4}},"79":{"start":{"line":148,"column":2},"end":{"line":148,"column":33}},"80":{"start":{"line":101,"column":13},"end":{"line":101,"column":34}},"81":{"start":{"line":152,"column":34},"end":{"line":192,"column":2}},"82":{"start":{"line":152,"column":60},"end":{"line":192,"column":2}},"83":{"start":{"line":153,"column":1},"end":{"line":191,"column":2}},"84":{"start":{"line":154,"column":27},"end":{"line":154,"column":39}},"85":{"start":{"line":156,"column":21},"end":{"line":156,"column":60}},"86":{"start":{"line":157,"column":2},"end":{"line":157,"column":67}},"87":{"start":{"line":157,"column":19},"end":{"line":157,"column":67}},"88":{"start":{"line":158,"column":2},"end":{"line":158,"column":95}},"89":{"start":{"line":158,"column":39},"end":{"line":158,"column":95}},"90":{"start":{"line":159,"column":2},"end":{"line":159,"column":95}},"91":{"start":{"line":159,"column":39},"end":{"line":159,"column":95}},"92":{"start":{"line":160,"column":2},"end":{"line":160,"column":33}},"93":{"start":{"line":162,"column":2},"end":{"line":162,"column":26}},"94":{"start":{"line":163,"column":20},"end":{"line":163,"column":58}},"95":{"start":{"line":164,"column":2},"end":{"line":164,"column":52}},"96":{"start":{"line":164,"column":18},"end":{"line":164,"column":52}},"97":{"start":{"line":166,"column":2},"end":{"line":179,"column":5}},"98":{"start":{"line":181,"column":2},"end":{"line":188,"column":4}},"99":{"start":{"line":190,"column":2},"end":{"line":190,"column":33}},"100":{"start":{"line":152,"column":13},"end":{"line":152,"column":34}}},"fnMap":{"0":{"name":"(anonymous_8)","decl":{"start":{"line":11,"column":34},"end":{"line":11,"column":41}},"loc":{"start":{"line":11,"column":96},"end":{"line":45,"column":2}}},"1":{"name":"(anonymous_9)","decl":{"start":{"line":11,"column":96},"end":{"line":11,"column":null}},"loc":{"start":{"line":11,"column":96},"end":{"line":45,"column":1}}},"2":{"name":"(anonymous_10)","decl":{"start":{"line":21,"column":73},"end":{"line":21,"column":74}},"loc":{"start":{"line":21,"column":88},"end":{"line":21,"column":105}}},"3":{"name":"(anonymous_11)","decl":{"start":{"line":47,"column":38},"end":{"line":47,"column":45}},"loc":{"start":{"line":47,"column":64},"end":{"line":62,"column":2}}},"4":{"name":"(anonymous_12)","decl":{"start":{"line":47,"column":64},"end":{"line":47,"column":null}},"loc":{"start":{"line":47,"column":64},"end":{"line":62,"column":1}}},"5":{"name":"(anonymous_13)","decl":{"start":{"line":66,"column":44},"end":{"line":66,"column":51}},"loc":{"start":{"line":66,"column":70},"end":{"line":79,"column":2}}},"6":{"name":"(anonymous_14)","decl":{"start":{"line":66,"column":70},"end":{"line":66,"column":null}},"loc":{"start":{"line":66,"column":70},"end":{"line":79,"column":1}}},"7":{"name":"(anonymous_15)","decl":{"start":{"line":81,"column":50},"end":{"line":81,"column":57}},"loc":{"start":{"line":81,"column":76},"end":{"line":99,"column":2}}},"8":{"name":"(anonymous_16)","decl":{"start":{"line":81,"column":76},"end":{"line":81,"column":null}},"loc":{"start":{"line":81,"column":76},"end":{"line":99,"column":1}}},"9":{"name":"(anonymous_17)","decl":{"start":{"line":101,"column":34},"end":{"line":101,"column":41}},"loc":{"start":{"line":101,"column":60},"end":{"line":150,"column":2}}},"10":{"name":"(anonymous_18)","decl":{"start":{"line":101,"column":60},"end":{"line":101,"column":null}},"loc":{"start":{"line":101,"column":60},"end":{"line":150,"column":1}}},"11":{"name":"(anonymous_19)","decl":{"start":{"line":152,"column":34},"end":{"line":152,"column":41}},"loc":{"start":{"line":152,"column":60},"end":{"line":192,"column":2}}},"12":{"name":"(anonymous_20)","decl":{"start":{"line":152,"column":60},"end":{"line":152,"column":null}},"loc":{"start":{"line":152,"column":60},"end":{"line":192,"column":1}}}},"branchMap":{"0":{"loc":{"start":{"line":17,"column":2},"end":{"line":17,"column":109}},"type":"if","locations":[{"start":{"line":17,"column":2},"end":{"line":17,"column":109}}]},"1":{"loc":{"start":{"line":17,"column":7},"end":{"line":17,"column":34}},"type":"cond-expr","locations":[{"start":{"line":17,"column":16},"end":{"line":17,"column":18}},{"start":{"line":17,"column":7},"end":{"line":17,"column":34}}]},"2":{"loc":{"start":{"line":17,"column":7},"end":{"line":17,"column":18}},"type":"binary-expr","locations":[{"start":{"line":17,"column":7},"end":{"line":17,"column":18}},{"start":{"line":17,"column":7},"end":{"line":17,"column":18}}]},"3":{"loc":{"start":{"line":24,"column":2},"end":{"line":24,"column":84}},"type":"if","locations":[{"start":{"line":24,"column":2},"end":{"line":24,"column":84}}]},"4":{"loc":{"start":{"line":26,"column":2},"end":{"line":26,"column":96}},"type":"if","locations":[{"start":{"line":26,"column":2},"end":{"line":26,"column":96}}]},"5":{"loc":{"start":{"line":27,"column":2},"end":{"line":28,"column":74}},"type":"if","locations":[{"start":{"line":27,"column":2},"end":{"line":28,"column":74}}]},"6":{"loc":{"start":{"line":52,"column":2},"end":{"line":52,"column":60}},"type":"if","locations":[{"start":{"line":52,"column":2},"end":{"line":52,"column":60}}]},"7":{"loc":{"start":{"line":69,"column":2},"end":{"line":69,"column":60}},"type":"if","locations":[{"start":{"line":69,"column":2},"end":{"line":69,"column":60}}]},"8":{"loc":{"start":{"line":85,"column":2},"end":{"line":85,"column":67}},"type":"if","locations":[{"start":{"line":85,"column":2},"end":{"line":85,"column":67}}]},"9":{"loc":{"start":{"line":106,"column":2},"end":{"line":106,"column":67}},"type":"if","locations":[{"start":{"line":106,"column":2},"end":{"line":106,"column":67}}]},"10":{"loc":{"start":{"line":107,"column":2},"end":{"line":107,"column":95}},"type":"if","locations":[{"start":{"line":107,"column":2},"end":{"line":107,"column":95}}]},"11":{"loc":{"start":{"line":108,"column":2},"end":{"line":108,"column":95}},"type":"if","locations":[{"start":{"line":108,"column":2},"end":{"line":108,"column":95}}]},"12":{"loc":{"start":{"line":109,"column":54},"end":{"line":109,"column":72}},"type":"cond-expr","locations":[{"start":{"line":109,"column":64},"end":{"line":109,"column":66}},{"start":{"line":109,"column":54},"end":{"line":109,"column":72}}]},"13":{"loc":{"start":{"line":109,"column":54},"end":{"line":109,"column":66}},"type":"binary-expr","locations":[{"start":{"line":109,"column":54},"end":{"line":109,"column":66}},{"start":{"line":109,"column":54},"end":{"line":109,"column":66}}]},"14":{"loc":{"start":{"line":122,"column":2},"end":{"line":122,"column":52}},"type":"if","locations":[{"start":{"line":122,"column":2},"end":{"line":122,"column":52}}]},"15":{"loc":{"start":{"line":125,"column":10},"end":{"line":125,"column":26}},"type":"cond-expr","locations":[{"start":{"line":125,"column":19},"end":{"line":125,"column":21}},{"start":{"line":125,"column":10},"end":{"line":125,"column":26}}]},"16":{"loc":{"start":{"line":125,"column":10},"end":{"line":125,"column":21}},"type":"binary-expr","locations":[{"start":{"line":125,"column":10},"end":{"line":125,"column":21}},{"start":{"line":125,"column":10},"end":{"line":125,"column":21}}]},"17":{"loc":{"start":{"line":129,"column":14},"end":{"line":129,"column":33}},"type":"cond-expr","locations":[{"start":{"line":129,"column":23},"end":{"line":129,"column":25}},{"start":{"line":129,"column":14},"end":{"line":129,"column":33}}]},"18":{"loc":{"start":{"line":129,"column":14},"end":{"line":129,"column":25}},"type":"binary-expr","locations":[{"start":{"line":129,"column":14},"end":{"line":129,"column":25}},{"start":{"line":129,"column":14},"end":{"line":129,"column":25}}]},"19":{"loc":{"start":{"line":157,"column":2},"end":{"line":157,"column":67}},"type":"if","locations":[{"start":{"line":157,"column":2},"end":{"line":157,"column":67}}]},"20":{"loc":{"start":{"line":158,"column":2},"end":{"line":158,"column":95}},"type":"if","locations":[{"start":{"line":158,"column":2},"end":{"line":158,"column":95}}]},"21":{"loc":{"start":{"line":159,"column":2},"end":{"line":159,"column":95}},"type":"if","locations":[{"start":{"line":159,"column":2},"end":{"line":159,"column":95}}]},"22":{"loc":{"start":{"line":164,"column":2},"end":{"line":164,"column":52}},"type":"if","locations":[{"start":{"line":164,"column":2},"end":{"line":164,"column":52}}]},"23":{"loc":{"start":{"line":167,"column":10},"end":{"line":167,"column":26}},"type":"cond-expr","locations":[{"start":{"line":167,"column":19},"end":{"line":167,"column":21}},{"start":{"line":167,"column":10},"end":{"line":167,"column":26}}]},"24":{"loc":{"start":{"line":167,"column":10},"end":{"line":167,"column":21}},"type":"binary-expr","locations":[{"start":{"line":167,"column":10},"end":{"line":167,"column":21}},{"start":{"line":167,"column":10},"end":{"line":167,"column":21}}]},"25":{"loc":{"start":{"line":171,"column":14},"end":{"line":171,"column":33}},"type":"cond-expr","locations":[{"start":{"line":171,"column":23},"end":{"line":171,"column":25}},{"start":{"line":171,"column":14},"end":{"line":171,"column":33}}]},"26":{"loc":{"start":{"line":171,"column":14},"end":{"line":171,"column":25}},"type":"binary-expr","locations":[{"start":{"line":171,"column":14},"end":{"line":171,"column":25}},{"start":{"line":171,"column":14},"end":{"line":171,"column":25}}]}},"s":{"0":1,"1":1,"2":1,"3":1,"4":1,"5":0,"6":0,"7":0,"8":0,"9":0,"10":0,"11":0,"12":0,"13":0,"14":0,"15":0,"16":0,"17":0,"18":0,"19":0,"20":0,"21":0,"22":0,"23":0,"24":0,"25":1,"26":1,"27":0,"28":0,"29":0,"30":0,"31":0,"32":0,"33":0,"34":0,"35":1,"36":1,"37":0,"38":0,"39":0,"40":0,"41":0,"42":0,"43":0,"44":1,"45":1,"46":0,"47":0,"48":0,"49":0,"50":0,"51":0,"52":0,"53":0,"54":0,"55":1,"56":1,"57":0,"58":0,"59":0,"60":0,"61":0,"62":0,"63":0,"64":0,"65":0,"66":0,"67":0,"68":0,"69":0,"70":0,"71":0,"72":0,"73":0,"74":0,"75":0,"76":0,"77":0,"78":0,"79":0,"80":1,"81":1,"82":0,"83":0,"84":0,"85":0,"86":0,"87":0,"88":0,"89":0,"90":0,"91":0,"92":0,"93":0,"94":0,"95":0,"96":0,"97":0,"98":0,"99":0,"100":1},"f":{"0":0,"1":0,"2":0,"3":0,"4":0,"5":0,"6":0,"7":0,"8":0,"9":0,"10":0,"11":0,"12":0},"b":{"0":[0],"1":[0,0],"2":[0,0],"3":[0],"4":[0],"5":[0],"6":[0],"7":[0],"8":[0],"9":[0],"10":[0],"11":[0],"12":[0,0],"13":[0,0],"14":[0],"15":[0,0],"16":[0,0],"17":[0,0],"18":[0,0],"19":[0],"20":[0],"21":[0],"22":[0],"23":[0,0],"24":[0,0],"25":[0,0],"26":[0,0]}}
,"C:\\Users\\PURPLE BEE TECH\\Desktop\\Builds\\personal\\babtech\\BST_REFER_BACKEND\\src\\utils\\emailUtils.ts": {"path":"C:\\Users\\PURPLE BEE TECH\\Desktop\\Builds\\personal\\babtech\\BST_REFER_BACKEND\\src\\utils\\emailUtils.ts","statementMap":{"0":{"start":{"line":1,"column":0},"end":{"line":1,"column":36}},"1":{"start":{"line":9,"column":17},"end":{"line":26,"column":2}},"2":{"start":{"line":9,"column":80},"end":{"line":26,"column":2}},"3":{"start":{"line":10,"column":21},"end":{"line":18,"column":3}},"4":{"start":{"line":20,"column":1},"end":{"line":25,"column":4}},"5":{"start":{"line":28,"column":0},"end":{"line":28,"column":24}}},"fnMap":{"0":{"name":"(anonymous_8)","decl":{"start":{"line":9,"column":17},"end":{"line":9,"column":24}},"loc":{"start":{"line":9,"column":80},"end":{"line":26,"column":2}}},"1":{"name":"(anonymous_9)","decl":{"start":{"line":9,"column":80},"end":{"line":9,"column":null}},"loc":{"start":{"line":9,"column":61},"end":{"line":26,"column":1}}}},"branchMap":{},"s":{"0":2,"1":2,"2":0,"3":0,"4":0,"5":2},"f":{"0":0,"1":0},"b":{}}
,"C:\\Users\\PURPLE BEE TECH\\Desktop\\Builds\\personal\\babtech\\BST_REFER_BACKEND\\src\\utils\\jwtUtils.ts": {"path":"C:\\Users\\PURPLE BEE TECH\\Desktop\\Builds\\personal\\babtech\\BST_REFER_BACKEND\\src\\utils\\jwtUtils.ts","statementMap":{"0":{"start":{"line":1,"column":0},"end":{"line":1,"column":47}},"1":{"start":{"line":4,"column":23},"end":{"line":8,"column":1}},"2":{"start":{"line":5,"column":21},"end":{"line":5,"column":102}},"3":{"start":{"line":6,"column":22},"end":{"line":6,"column":105}},"4":{"start":{"line":7,"column":1},"end":{"line":7,"column":38}},"5":{"start":{"line":10,"column":20},"end":{"line":12,"column":1}},"6":{"start":{"line":11,"column":1},"end":{"line":11,"column":60}},"7":{"start":{"line":14,"column":27},"end":{"line":16,"column":1}},"8":{"start":{"line":15,"column":1},"end":{"line":15,"column":61}},"9":{"start":{"line":18,"column":27},"end":{"line":20,"column":1}},"10":{"start":{"line":19,"column":1},"end":{"line":19,"column":90}},"11":{"start":{"line":22,"column":22},"end":{"line":25,"column":1}},"12":{"start":{"line":23,"column":17},"end":{"line":23,"column":113}},"13":{"start":{"line":24,"column":1},"end":{"line":24,"column":53}},"14":{"start":{"line":27,"column":28},"end":{"line":31,"column":1}},"15":{"start":{"line":28,"column":21},"end":{"line":28,"column":108}},"16":{"start":{"line":29,"column":22},"end":{"line":29,"column":111}},"17":{"start":{"line":30,"column":1},"end":{"line":30,"column":38}},"18":{"start":{"line":33,"column":25},"end":{"line":35,"column":1}},"19":{"start":{"line":34,"column":1},"end":{"line":34,"column":66}},"20":{"start":{"line":37,"column":32},"end":{"line":39,"column":1}},"21":{"start":{"line":38,"column":1},"end":{"line":38,"column":67}},"22":{"start":{"line":41,"column":0},"end":{"line":50,"column":2}}},"fnMap":{"0":{"name":"(anonymous_1)","decl":{"start":{"line":4,"column":23},"end":{"line":4,"column":24}},"loc":{"start":{"line":4,"column":39},"end":{"line":8,"column":1}}},"1":{"name":"(anonymous_2)","decl":{"start":{"line":10,"column":20},"end":{"line":10,"column":21}},"loc":{"start":{"line":10,"column":38},"end":{"line":12,"column":1}}},"2":{"name":"(anonymous_3)","decl":{"start":{"line":14,"column":27},"end":{"line":14,"column":28}},"loc":{"start":{"line":14,"column":45},"end":{"line":16,"column":1}}},"3":{"name":"(anonymous_4)","decl":{"start":{"line":18,"column":27},"end":{"line":18,"column":28}},"loc":{"start":{"line":18,"column":43},"end":{"line":20,"column":1}}},"4":{"name":"(anonymous_5)","decl":{"start":{"line":22,"column":22},"end":{"line":22,"column":23}},"loc":{"start":{"line":22,"column":47},"end":{"line":25,"column":1}}},"5":{"name":"(anonymous_6)","decl":{"start":{"line":27,"column":28},"end":{"line":27,"column":29}},"loc":{"start":{"line":27,"column":44},"end":{"line":31,"column":1}}},"6":{"name":"(anonymous_7)","decl":{"start":{"line":33,"column":25},"end":{"line":33,"column":26}},"loc":{"start":{"line":33,"column":43},"end":{"line":35,"column":1}}},"7":{"name":"(anonymous_8)","decl":{"start":{"line":37,"column":32},"end":{"line":37,"column":33}},"loc":{"start":{"line":37,"column":50},"end":{"line":39,"column":1}}}},"branchMap":{},"s":{"0":2,"1":2,"2":11,"3":11,"4":11,"5":2,"6":0,"7":2,"8":0,"9":2,"10":0,"11":2,"12":0,"13":0,"14":2,"15":0,"16":0,"17":0,"18":2,"19":0,"20":2,"21":0,"22":2},"f":{"0":11,"1":0,"2":0,"3":0,"4":0,"5":0,"6":0,"7":0},"b":{}}
,"C:\\Users\\PURPLE BEE TECH\\Desktop\\Builds\\personal\\babtech\\BST_REFER_BACKEND\\src\\validation\\adminValidation.ts": {"path":"C:\\Users\\PURPLE BEE TECH\\Desktop\\Builds\\personal\\babtech\\BST_REFER_BACKEND\\src\\validation\\adminValidation.ts","statementMap":{"0":{"start":{"line":1,"column":0},"end":{"line":1,"column":22}},"1":{"start":{"line":3,"column":13},"end":{"line":25,"column":3}},"2":{"start":{"line":27,"column":13},"end":{"line":35,"column":3}},"3":{"start":{"line":37,"column":13},"end":{"line":41,"column":3}},"4":{"start":{"line":43,"column":13},"end":{"line":47,"column":3}},"5":{"start":{"line":49,"column":13},"end":{"line":57,"column":3}}},"fnMap":{},"branchMap":{},"s":{"0":1,"1":1,"2":1,"3":1,"4":1,"5":1},"f":{},"b":{}}
,"C:\\Users\\PURPLE BEE TECH\\Desktop\\Builds\\personal\\babtech\\BST_REFER_BACKEND\\src\\validation\\bstUserIdValidation.ts": {"path":"C:\\Users\\PURPLE BEE TECH\\Desktop\\Builds\\personal\\babtech\\BST_REFER_BACKEND\\src\\validation\\bstUserIdValidation.ts","statementMap":{"0":{"start":{"line":1,"column":0},"end":{"line":1,"column":22}},"1":{"start":{"line":3,"column":13},"end":{"line":21,"column":3}}},"fnMap":{},"branchMap":{},"s":{"0":1,"1":1},"f":{},"b":{}}
,"C:\\Users\\PURPLE BEE TECH\\Desktop\\Builds\\personal\\babtech\\BST_REFER_BACKEND\\src\\validation\\referralValidation.ts": {"path":"C:\\Users\\PURPLE BEE TECH\\Desktop\\Builds\\personal\\babtech\\BST_REFER_BACKEND\\src\\validation\\referralValidation.ts","statementMap":{"0":{"start":{"line":1,"column":0},"end":{"line":1,"column":22}},"1":{"start":{"line":3,"column":13},"end":{"line":25,"column":3}}},"fnMap":{},"branchMap":{},"s":{"0":1,"1":1},"f":{},"b":{}}
,"C:\\Users\\PURPLE BEE TECH\\Desktop\\Builds\\personal\\babtech\\BST_REFER_BACKEND\\src\\validation\\supportValidation.ts": {"path":"C:\\Users\\PURPLE BEE TECH\\Desktop\\Builds\\personal\\babtech\\BST_REFER_BACKEND\\src\\validation\\supportValidation.ts","statementMap":{"0":{"start":{"line":1,"column":0},"end":{"line":1,"column":22}},"1":{"start":{"line":3,"column":13},"end":{"line":12,"column":3}}},"fnMap":{},"branchMap":{},"s":{"0":1,"1":1},"f":{},"b":{}}
,"C:\\Users\\PURPLE BEE TECH\\Desktop\\Builds\\personal\\babtech\\BST_REFER_BACKEND\\src\\validation\\userValidation.ts": {"path":"C:\\Users\\PURPLE BEE TECH\\Desktop\\Builds\\personal\\babtech\\BST_REFER_BACKEND\\src\\validation\\userValidation.ts","statementMap":{"0":{"start":{"line":1,"column":0},"end":{"line":1,"column":22}},"1":{"start":{"line":3,"column":13},"end":{"line":19,"column":3}},"2":{"start":{"line":21,"column":13},"end":{"line":29,"column":3}},"3":{"start":{"line":31,"column":13},"end":{"line":35,"column":3}},"4":{"start":{"line":37,"column":13},"end":{"line":42,"column":3}},"5":{"start":{"line":44,"column":13},"end":{"line":52,"column":3}},"6":{"start":{"line":54,"column":13},"end":{"line":65,"column":3}},"7":{"start":{"line":67,"column":13},"end":{"line":71,"column":3}},"8":{"start":{"line":73,"column":13},"end":{"line":77,"column":3}},"9":{"start":{"line":79,"column":13},"end":{"line":83,"column":3}},"10":{"start":{"line":85,"column":13},"end":{"line":89,"column":3}},"11":{"start":{"line":91,"column":13},"end":{"line":102,"column":3}}},"fnMap":{},"branchMap":{},"s":{"0":1,"1":1,"2":1,"3":1,"4":1,"5":1,"6":1,"7":1,"8":1,"9":1,"10":1,"11":1},"f":{},"b":{}}
,"C:\\Users\\PURPLE BEE TECH\\Desktop\\Builds\\personal\\babtech\\BST_REFER_BACKEND\\src\\validation\\withdrawalValidation.ts": {"path":"C:\\Users\\PURPLE BEE TECH\\Desktop\\Builds\\personal\\babtech\\BST_REFER_BACKEND\\src\\validation\\withdrawalValidation.ts","statementMap":{"0":{"start":{"line":1,"column":0},"end":{"line":1,"column":22}},"1":{"start":{"line":3,"column":13},"end":{"line":7,"column":3}}},"fnMap":{},"branchMap":{},"s":{"0":1,"1":1},"f":{},"b":{}}
}
