TN:
SF:src\app.ts
FN:33,(anonymous_8)
FN:33,(anonymous_9)
FNF:2
FNH:0
FNDA:0,(anonymous_8)
FNDA:0,(anonymous_9)
DA:1,1
DA:2,1
DA:3,1
DA:4,1
DA:5,1
DA:6,1
DA:7,1
DA:8,1
DA:10,1
DA:12,1
DA:13,1
DA:14,1
DA:15,1
DA:16,1
DA:18,1
DA:19,1
DA:20,1
DA:21,1
DA:22,1
DA:24,1
DA:25,1
DA:26,1
DA:27,1
DA:30,1
DA:33,1
DA:34,0
DA:37,1
LF:27
LH:26
BRF:0
BRH:0
end_of_record
TN:
SF:src\config\config.ts
FNF:0
FNH:0
DA:1,1
DA:3,1
DA:5,1
DA:6,1
DA:8,1
DA:9,1
DA:12,1
DA:14,1
LF:8
LH:8
BRDA:8,0,0,1
BRDA:8,0,1,1
BRF:2
BRH:2
end_of_record
TN:
SF:src\config\logging.ts
FN:36,getCallingFunction
FN:56,log
FN:60,info
FN:75,warn
FN:90,error
FNF:5
FNH:2
FNDA:0,getCallingFunction
FNDA:42,log
FNDA:9,info
FNDA:0,warn
FNDA:0,error
DA:1,1
DA:3,1
DA:36,1
DA:37,0
DA:38,0
DA:40,0
DA:42,0
DA:43,0
DA:44,0
DA:46,0
DA:48,0
DA:50,0
DA:52,0
DA:56,1
DA:57,42
DA:60,1
DA:61,9
DA:62,0
DA:75,1
DA:76,0
DA:77,0
DA:90,1
DA:91,0
DA:92,0
DA:105,1
DA:127,1
DA:129,1
LF:27
LH:12
BRDA:40,0,0,0
BRDA:46,1,0,0
BRDA:48,2,0,0
BRDA:57,3,0,0
BRDA:61,4,0,0
BRDA:76,5,0,0
BRDA:91,6,0,0
BRF:7
BRH:0
end_of_record
TN:
SF:src\controllers\adminControllers.ts
FNF:0
FNH:0
DA:1,1
DA:11,1
DA:12,1
DA:20,1
DA:21,1
DA:22,1
DA:23,1
DA:24,1
DA:25,1
DA:26,1
DA:27,1
DA:30,1
DA:31,1
DA:32,1
DA:34,1
DA:35,1
LF:16
LH:16
BRF:0
BRH:0
end_of_record
TN:
SF:src\controllers\authControllers.ts
FNF:0
FNH:0
DA:1,1
DA:2,1
DA:13,1
DA:14,1
DA:15,1
DA:16,1
DA:17,1
DA:18,1
DA:19,1
LF:9
LH:9
BRF:0
BRH:0
end_of_record
TN:
SF:src\controllers\referralControllers.ts
FNF:0
FNH:0
DA:1,1
DA:2,1
DA:4,1
DA:5,1
DA:6,1
DA:7,1
DA:8,1
LF:7
LH:7
BRF:0
BRH:0
end_of_record
TN:
SF:src\controllers\studentControllers.ts
FNF:0
FNH:0
DA:1,1
DA:2,1
DA:4,1
DA:5,1
DA:6,1
DA:7,1
DA:8,1
LF:7
LH:7
BRF:0
BRH:0
end_of_record
TN:
SF:src\controllers\supportController.ts
FNF:0
FNH:0
DA:1,1
DA:2,1
DA:4,1
LF:3
LH:3
BRF:0
BRH:0
end_of_record
TN:
SF:src\controllers\userControllers.ts
FNF:0
FNH:0
DA:1,1
DA:2,1
DA:11,1
DA:12,1
DA:13,1
DA:14,1
DA:15,1
DA:16,1
LF:8
LH:8
BRF:0
BRH:0
end_of_record
TN:
SF:src\controllers\walletControllers.ts
FNF:0
FNH:0
DA:1,1
DA:2,1
DA:4,1
DA:7,1
DA:8,1
LF:5
LH:5
BRF:0
BRH:0
end_of_record
TN:
SF:src\controllers\withdrawalControllers.ts
FNF:0
FNH:0
DA:1,1
DA:2,1
DA:11,1
DA:12,1
DA:15,1
DA:16,1
DA:17,1
DA:18,1
LF:8
LH:8
BRF:0
BRH:0
end_of_record
TN:
SF:src\helpers\cleanUpExpiredUser.ts
FN:5,(anonymous_8)
FN:5,(anonymous_9)
FN:12,(anonymous_10)
FN:12,(anonymous_11)
FN:23,(anonymous_12)
FN:23,(anonymous_13)
FNF:6
FNH:0
FNDA:0,(anonymous_8)
FNDA:0,(anonymous_9)
FNDA:0,(anonymous_10)
FNDA:0,(anonymous_11)
FNDA:0,(anonymous_12)
FNDA:0,(anonymous_13)
DA:1,2
DA:2,2
DA:5,2
DA:6,0
DA:7,0
DA:8,0
DA:11,0
DA:12,0
DA:13,0
DA:14,0
DA:18,0
DA:23,2
DA:24,0
DA:25,0
DA:26,0
DA:28,0
LF:16
LH:4
BRF:0
BRH:0
end_of_record
TN:
SF:src\helpers\generateReferralCode.ts
FN:1,generateReferralNumber
FNF:1
FNH:0
FNDA:0,generateReferralNumber
DA:1,2
DA:2,0
DA:3,0
LF:3
LH:1
BRF:0
BRH:0
end_of_record
TN:
SF:src\helpers\handleRequest.ts
FN:5,(anonymous_7)
FN:6,(anonymous_8)
FN:6,(anonymous_9)
FNF:3
FNH:3
FNDA:46,(anonymous_7)
FNDA:21,(anonymous_8)
FNDA:21,(anonymous_9)
DA:5,1
DA:6,46
DA:7,21
DA:8,21
DA:15,21
DA:16,6
DA:18,15
LF:7
LH:7
BRF:0
BRH:0
end_of_record
TN:
SF:src\middleware\adminAuthHandler.ts
FN:25,(anonymous_8)
FN:25,(anonymous_9)
FN:43,(anonymous_10)
FN:43,(anonymous_11)
FNF:4
FNH:0
FNDA:0,(anonymous_8)
FNDA:0,(anonymous_9)
FNDA:0,(anonymous_10)
FNDA:0,(anonymous_11)
DA:2,1
DA:6,1
DA:13,1
DA:19,1
DA:25,1
DA:26,0
DA:27,0
DA:28,0
DA:29,0
DA:30,0
DA:31,0
DA:32,0
DA:33,0
DA:34,0
DA:36,0
DA:39,0
DA:43,1
DA:44,0
DA:45,0
DA:46,0
DA:47,0
DA:48,0
DA:49,0
DA:50,0
DA:51,0
DA:52,0
DA:54,0
DA:57,0
LF:28
LH:6
BRDA:26,0,0,0
BRDA:26,0,1,0
BRDA:26,1,0,0
BRDA:26,1,1,0
BRDA:28,2,0,0
BRDA:32,3,0,0
BRDA:32,4,0,0
BRDA:32,4,1,0
BRDA:44,5,0,0
BRDA:44,5,1,0
BRDA:44,6,0,0
BRDA:44,6,1,0
BRDA:46,7,0,0
BRDA:50,8,0,0
BRF:14
BRH:0
end_of_record
TN:
SF:src\middleware\corsHandler.ts
FN:3,corsHandler
FNF:1
FNH:1
FNDA:21,corsHandler
DA:3,1
DA:4,21
DA:5,21
DA:6,21
DA:8,21
DA:9,0
DA:10,0
DA:13,21
LF:8
LH:6
BRDA:8,0,0,0
BRF:1
BRH:0
end_of_record
TN:
SF:src\middleware\errorHandler.ts
FN:3,errorHandler
FNF:1
FNH:0
FNDA:0,errorHandler
DA:3,1
DA:4,0
DA:6,0
DA:7,0
LF:4
LH:1
BRDA:4,0,0,0
BRDA:4,0,1,0
BRDA:9,1,0,0
BRDA:9,1,1,0
BRDA:9,2,0,0
BRDA:9,2,1,0
BRDA:10,3,0,0
BRDA:10,3,1,0
BRF:8
BRH:0
end_of_record
TN:
SF:src\middleware\loggingHandler.ts
FN:3,loggingHandler
FN:6,(anonymous_1)
FNF:2
FNH:2
FNDA:21,loggingHandler
FNDA:21,(anonymous_1)
DA:3,1
DA:4,21
DA:6,21
DA:7,21
DA:10,21
LF:5
LH:5
BRF:0
BRH:0
end_of_record
TN:
SF:src\middleware\validationHandler.ts
FN:4,(anonymous_0)
FN:5,(anonymous_1)
FN:11,(anonymous_2)
FNF:3
FNH:2
FNDA:17,(anonymous_0)
FNDA:12,(anonymous_1)
FNDA:0,(anonymous_2)
DA:4,1
DA:5,17
DA:6,12
DA:8,12
DA:9,0
DA:11,0
DA:15,12
LF:7
LH:5
BRDA:8,0,0,0
BRF:1
BRH:0
end_of_record
TN:
SF:src\models\adminModel.ts
FNF:0
FNH:0
DA:1,1
DA:4,1
DA:20,1
LF:3
LH:3
BRF:0
BRH:0
end_of_record
TN:
SF:src\models\authTokenModel.ts
FNF:0
FNH:0
DA:1,2
DA:4,2
DA:11,2
LF:3
LH:3
BRF:0
BRH:0
end_of_record
TN:
SF:src\models\referralModel.ts
FNF:0
FNH:0
DA:1,1
DA:4,1
DA:45,1
LF:3
LH:3
BRF:0
BRH:0
end_of_record
TN:
SF:src\models\studentModel.ts
FNF:0
FNH:0
DA:1,1
DA:4,1
DA:44,1
LF:3
LH:3
BRF:0
BRH:0
end_of_record
TN:
SF:src\models\tokenModel.ts
FNF:0
FNH:0
DA:1,2
DA:4,2
DA:11,2
LF:3
LH:3
BRF:0
BRH:0
end_of_record
TN:
SF:src\models\userModel.ts
FNF:0
FNH:0
DA:1,2
DA:4,2
DA:22,2
LF:3
LH:3
BRF:0
BRH:0
end_of_record
TN:
SF:src\models\walletModel.ts
FNF:0
FNH:0
DA:1,2
DA:4,2
DA:29,2
LF:3
LH:3
BRF:0
BRH:0
end_of_record
TN:
SF:src\models\withdrawalModel.ts
FNF:0
FNH:0
DA:1,1
DA:4,1
DA:16,1
LF:3
LH:3
BRF:0
BRH:0
end_of_record
TN:
SF:src\routes\v1\adminRoutes.ts
FNF:0
FNH:0
DA:1,1
DA:2,1
DA:3,1
DA:4,1
DA:5,1
DA:20,1
DA:21,1
DA:22,1
DA:24,1
DA:26,1
DA:27,1
DA:28,1
DA:29,1
DA:30,1
DA:31,1
DA:32,1
DA:33,1
DA:36,1
DA:37,1
DA:38,1
DA:39,1
DA:42,1
DA:43,1
DA:44,1
DA:47,1
DA:48,1
DA:49,1
DA:50,1
DA:51,1
DA:54,1
DA:55,1
DA:56,1
LF:32
LH:32
BRF:0
BRH:0
end_of_record
TN:
SF:src\routes\v1\authRoutes.ts
FNF:0
FNH:0
DA:1,1
DA:2,1
DA:3,1
DA:12,1
DA:24,1
DA:26,1
DA:27,1
DA:28,1
DA:29,1
DA:30,1
DA:31,1
DA:32,1
DA:34,1
LF:13
LH:13
BRF:0
BRH:0
end_of_record
TN:
SF:src\routes\v1\index.ts
FN:65,(anonymous_1)
FNF:1
FNH:1
FNDA:12,(anonymous_1)
DA:1,1
DA:2,1
DA:3,1
DA:4,1
DA:5,1
DA:7,1
DA:8,1
DA:9,1
DA:10,1
DA:12,1
DA:14,1
DA:65,1
DA:66,12
DA:69,1
LF:14
LH:14
BRF:0
BRH:0
end_of_record
TN:
SF:src\routes\v1\referralRoutes.ts
FNF:0
FNH:0
DA:1,1
DA:2,1
DA:3,1
DA:4,1
DA:5,1
DA:8,1
DA:10,1
DA:11,1
DA:12,1
DA:13,1
DA:14,1
DA:16,1
LF:12
LH:12
BRF:0
BRH:0
end_of_record
TN:
SF:src\routes\v1\stduentRoutes.ts
FNF:0
FNH:0
DA:1,1
DA:2,1
DA:3,1
DA:4,1
DA:5,1
DA:7,1
DA:9,1
DA:10,1
DA:11,1
DA:12,1
DA:13,1
DA:15,1
LF:12
LH:12
BRF:0
BRH:0
end_of_record
TN:
SF:src\routes\v1\supportRoutes.ts
FNF:0
FNH:0
DA:1,1
DA:2,1
DA:3,1
DA:4,1
DA:5,1
DA:7,1
DA:9,1
LF:7
LH:7
BRF:0
BRH:0
end_of_record
TN:
SF:src\routes\v1\userRoutes.ts
FNF:0
FNH:0
DA:1,1
DA:2,1
DA:3,1
DA:4,1
DA:5,1
DA:7,1
DA:9,1
DA:10,1
DA:11,1
DA:12,1
DA:13,1
DA:14,1
DA:16,1
LF:13
LH:13
BRF:0
BRH:0
end_of_record
TN:
SF:src\routes\v1\walletRoutes.ts
FNF:0
FNH:0
DA:1,1
DA:2,1
DA:3,1
DA:5,1
DA:7,1
LF:5
LH:5
BRF:0
BRH:0
end_of_record
TN:
SF:src\routes\v1\withdrawalRoutes.ts
FNF:0
FNH:0
DA:1,1
DA:2,1
DA:3,1
DA:4,1
DA:5,1
DA:7,1
DA:9,1
DA:10,1
LF:8
LH:8
BRF:0
BRH:0
end_of_record
TN:
SF:src\services\adminServices.ts
FN:16,(anonymous_9)
FN:16,(anonymous_10)
FN:54,(anonymous_11)
FN:54,(anonymous_12)
FN:85,(anonymous_13)
FN:85,(anonymous_14)
FN:104,(anonymous_15)
FN:104,(anonymous_16)
FN:125,(anonymous_17)
FN:125,(anonymous_18)
FN:141,(anonymous_19)
FN:141,(anonymous_20)
FN:161,(anonymous_21)
FN:161,(anonymous_22)
FN:181,(anonymous_23)
FN:181,(anonymous_24)
FNF:16
FNH:0
FNDA:0,(anonymous_9)
FNDA:0,(anonymous_10)
FNDA:0,(anonymous_11)
FNDA:0,(anonymous_12)
FNDA:0,(anonymous_13)
FNDA:0,(anonymous_14)
FNDA:0,(anonymous_15)
FNDA:0,(anonymous_16)
FNDA:0,(anonymous_17)
FNDA:0,(anonymous_18)
FNDA:0,(anonymous_19)
FNDA:0,(anonymous_20)
FNDA:0,(anonymous_21)
FNDA:0,(anonymous_22)
FNDA:0,(anonymous_23)
FNDA:0,(anonymous_24)
DA:7,1
DA:8,1
DA:9,1
DA:12,1
DA:16,1
DA:17,0
DA:18,0
DA:19,0
DA:20,0
DA:21,0
DA:23,0
DA:24,0
DA:27,0
DA:28,0
DA:29,0
DA:32,0
DA:33,0
DA:34,0
DA:35,0
DA:37,0
DA:38,0
DA:40,0
DA:41,0
DA:50,0
DA:54,1
DA:55,0
DA:56,0
DA:58,0
DA:60,0
DA:61,0
DA:63,0
DA:65,0
DA:66,0
DA:69,0
DA:74,0
DA:75,0
DA:81,0
DA:85,1
DA:86,0
DA:87,0
DA:88,0
DA:89,0
DA:90,0
DA:93,0
DA:94,0
DA:95,0
DA:101,0
DA:104,1
DA:105,0
DA:106,0
DA:107,0
DA:108,0
DA:110,0
DA:111,0
DA:113,0
DA:115,0
DA:121,0
DA:125,1
DA:126,0
DA:127,0
DA:129,0
DA:131,0
DA:137,0
DA:141,1
DA:142,0
DA:144,0
DA:145,0
DA:147,0
DA:148,0
DA:151,0
DA:157,0
DA:161,1
DA:162,0
DA:163,0
DA:165,0
DA:167,0
DA:168,0
DA:171,0
DA:177,0
DA:181,1
DA:182,0
DA:183,0
DA:185,0
DA:187,0
DA:188,0
DA:191,0
DA:192,0
DA:193,0
DA:195,0
DA:197,0
DA:198,0
DA:200,0
DA:205,0
DA:214,0
LF:94
LH:12
BRDA:20,0,0,0
BRDA:23,1,0,0
BRDA:28,2,0,0
BRDA:37,3,0,0
BRDA:65,4,0,0
BRDA:89,5,0,0
BRDA:111,6,0,0
BRDA:147,7,0,0
BRDA:167,8,0,0
BRDA:187,9,0,0
BRDA:192,10,0,0
BRDA:201,11,0,0
BRDA:201,11,1,0
BRDA:201,12,0,0
BRDA:201,12,1,0
BRF:15
BRH:0
end_of_record
TN:
SF:src\services\adminUserServices.ts
FN:10,(anonymous_8)
FN:10,(anonymous_9)
FN:27,(anonymous_10)
FN:27,(anonymous_11)
FN:52,(anonymous_12)
FN:52,(anonymous_13)
FN:74,(anonymous_14)
FN:74,(anonymous_15)
FN:87,(anonymous_16)
FN:87,(anonymous_17)
FNF:10
FNH:0
FNDA:0,(anonymous_8)
FNDA:0,(anonymous_9)
FNDA:0,(anonymous_10)
FNDA:0,(anonymous_11)
FNDA:0,(anonymous_12)
FNDA:0,(anonymous_13)
FNDA:0,(anonymous_14)
FNDA:0,(anonymous_15)
FNDA:0,(anonymous_16)
FNDA:0,(anonymous_17)
DA:5,1
DA:6,1
DA:7,1
DA:8,1
DA:10,1
DA:11,0
DA:12,0
DA:14,0
DA:15,0
DA:17,0
DA:23,0
DA:27,1
DA:28,0
DA:29,0
DA:30,0
DA:31,0
DA:32,0
DA:35,0
DA:36,0
DA:38,0
DA:48,0
DA:52,1
DA:53,0
DA:54,0
DA:55,0
DA:56,0
DA:57,0
DA:59,0
DA:60,0
DA:61,0
DA:62,0
DA:68,0
DA:74,1
DA:75,0
DA:76,0
DA:77,0
DA:83,0
DA:87,1
DA:88,0
DA:89,0
DA:90,0
DA:91,0
DA:92,0
DA:94,0
DA:96,0
DA:102,0
LF:46
LH:9
BRDA:14,0,0,0
BRDA:31,1,0,0
BRDA:35,2,0,0
BRDA:35,2,1,0
BRDA:35,3,0,0
BRDA:35,3,1,0
BRDA:36,4,0,0
BRDA:36,4,1,0
BRDA:36,5,0,0
BRDA:36,5,1,0
BRDA:56,6,0,0
BRDA:64,7,0,0
BRDA:64,7,1,0
BRDA:91,8,0,0
BRF:14
BRH:0
end_of_record
TN:
SF:src\services\authServices.ts
FN:22,(anonymous_8)
FN:22,(anonymous_9)
FN:99,(anonymous_10)
FN:99,(anonymous_11)
FN:140,(anonymous_12)
FN:140,(anonymous_13)
FN:179,(anonymous_14)
FN:179,(anonymous_15)
FN:199,(anonymous_16)
FN:199,(anonymous_17)
FN:244,(anonymous_18)
FN:244,(anonymous_19)
FN:268,(anonymous_20)
FN:268,(anonymous_21)
FNF:14
FNH:14
FNDA:5,(anonymous_8)
FNDA:5,(anonymous_9)
FNDA:4,(anonymous_10)
FNDA:4,(anonymous_11)
FNDA:5,(anonymous_12)
FNDA:5,(anonymous_13)
FNDA:3,(anonymous_14)
FNDA:3,(anonymous_15)
FNDA:4,(anonymous_16)
FNDA:4,(anonymous_17)
FNDA:3,(anonymous_18)
FNDA:3,(anonymous_19)
FNDA:4,(anonymous_20)
FNDA:4,(anonymous_21)
DA:8,2
DA:9,2
DA:10,2
DA:11,2
DA:12,2
DA:13,2
DA:14,2
DA:16,2
DA:20,2
DA:22,5
DA:23,5
DA:25,5
DA:28,5
DA:29,5
DA:31,2
DA:35,2
DA:36,1
DA:38,1
DA:42,3
DA:45,3
DA:56,3
DA:57,3
DA:59,3
DA:60,3
DA:63,3
DA:69,3
DA:85,1
DA:86,1
DA:89,2
DA:95,3
DA:99,4
DA:100,4
DA:101,4
DA:102,4
DA:104,4
DA:109,4
DA:110,1
DA:113,3
DA:114,3
DA:115,1
DA:118,2
DA:119,1
DA:126,1
DA:128,1
DA:130,1
DA:136,3
DA:140,5
DA:141,5
DA:142,5
DA:143,5
DA:144,1
DA:146,4
DA:147,1
DA:149,3
DA:150,3
DA:151,1
DA:153,2
DA:154,2
DA:155,2
DA:156,2
DA:158,2
DA:160,2
DA:161,1
DA:163,1
DA:166,2
DA:175,0
DA:179,3
DA:180,3
DA:182,3
DA:183,3
DA:185,2
DA:186,1
DA:189,1
DA:195,2
DA:199,4
DA:200,4
DA:202,4
DA:203,4
DA:205,4
DA:206,1
DA:209,3
DA:210,1
DA:213,2
DA:214,2
DA:215,2
DA:217,2
DA:228,1
DA:233,1
DA:239,1
DA:240,1
DA:244,3
DA:245,3
DA:247,3
DA:249,3
DA:251,3
DA:252,1
DA:255,2
DA:256,2
DA:257,2
DA:258,1
DA:264,1
DA:268,4
DA:269,4
DA:270,4
DA:272,4
DA:274,4
DA:275,1
DA:278,3
DA:279,3
DA:280,1
DA:282,2
DA:284,2
DA:285,2
DA:287,2
DA:292,1
DA:301,3
LF:116
LH:115
BRDA:29,0,0,2
BRDA:35,1,0,1
BRDA:109,2,0,1
BRDA:109,3,0,4
BRDA:109,3,1,3
BRDA:113,4,0,3
BRDA:113,4,1,3
BRDA:114,5,0,1
BRDA:143,6,0,1
BRDA:146,7,0,1
BRDA:150,8,0,1
BRDA:160,9,0,1
BRDA:160,9,1,1
BRDA:185,10,0,1
BRDA:203,11,0,1
BRDA:203,11,1,3
BRDA:203,12,0,4
BRDA:203,12,1,3
BRDA:205,13,0,1
BRDA:209,14,0,1
BRDA:251,15,0,1
BRDA:274,16,0,1
BRDA:279,17,0,1
BRDA:288,18,0,0
BRDA:288,18,1,2
BRDA:288,19,0,2
BRDA:288,19,1,2
BRF:27
BRH:26
end_of_record
TN:
SF:src\services\referalServices.ts
FN:12,(anonymous_8)
FN:12,(anonymous_9)
FN:40,(anonymous_10)
FN:40,(anonymous_11)
FN:57,(anonymous_12)
FN:57,(anonymous_13)
FN:75,(anonymous_14)
FN:75,(anonymous_15)
FN:99,(anonymous_16)
FN:99,(anonymous_17)
FNF:10
FNH:0
FNDA:0,(anonymous_8)
FNDA:0,(anonymous_9)
FNDA:0,(anonymous_10)
FNDA:0,(anonymous_11)
FNDA:0,(anonymous_12)
FNDA:0,(anonymous_13)
FNDA:0,(anonymous_14)
FNDA:0,(anonymous_15)
FNDA:0,(anonymous_16)
FNDA:0,(anonymous_17)
DA:9,1
DA:10,1
DA:12,1
DA:13,0
DA:14,0
DA:16,0
DA:17,0
DA:18,0
DA:20,0
DA:21,0
DA:23,0
DA:30,0
DA:36,0
DA:40,1
DA:41,0
DA:42,0
DA:44,0
DA:45,0
DA:47,0
DA:53,0
DA:57,1
DA:58,0
DA:59,0
DA:61,0
DA:63,0
DA:65,0
DA:71,0
DA:75,1
DA:76,0
DA:77,0
DA:78,0
DA:80,0
DA:81,0
DA:82,0
DA:83,0
DA:85,0
DA:87,0
DA:88,0
DA:95,0
DA:99,1
DA:100,0
DA:101,0
DA:103,0
DA:104,0
DA:105,0
DA:106,0
DA:108,0
DA:110,0
DA:112,0
DA:118,0
LF:50
LH:7
BRDA:18,0,0,0
BRDA:21,1,0,0
BRDA:45,2,0,0
BRDA:63,3,0,0
BRDA:81,4,0,0
BRDA:82,5,0,0
BRDA:82,6,0,0
BRDA:82,6,1,0
BRDA:82,7,0,0
BRDA:82,7,1,0
BRDA:82,8,0,0
BRDA:82,8,1,0
BRDA:82,9,0,0
BRDA:82,9,1,0
BRDA:82,10,0,0
BRDA:82,10,1,0
BRDA:82,11,0,0
BRDA:82,11,1,0
BRDA:82,12,0,0
BRDA:82,12,1,0
BRDA:87,13,0,0
BRDA:104,14,0,0
BRDA:105,15,0,0
BRDA:105,16,0,0
BRDA:105,16,1,0
BRDA:105,17,0,0
BRDA:105,17,1,0
BRDA:108,18,0,0
BRF:28
BRH:0
end_of_record
TN:
SF:src\services\studentServices.ts
FN:15,(anonymous_8)
FN:15,(anonymous_9)
FN:99,(anonymous_10)
FN:99,(anonymous_11)
FN:112,(anonymous_12)
FN:112,(anonymous_13)
FN:129,(anonymous_14)
FN:129,(anonymous_15)
FN:148,(anonymous_16)
FN:148,(anonymous_17)
FNF:10
FNH:0
FNDA:0,(anonymous_8)
FNDA:0,(anonymous_9)
FNDA:0,(anonymous_10)
FNDA:0,(anonymous_11)
FNDA:0,(anonymous_12)
FNDA:0,(anonymous_13)
FNDA:0,(anonymous_14)
FNDA:0,(anonymous_15)
FNDA:0,(anonymous_16)
FNDA:0,(anonymous_17)
DA:9,1
DA:10,1
DA:11,1
DA:12,1
DA:13,1
DA:15,1
DA:16,0
DA:17,0
DA:18,0
DA:19,0
DA:21,0
DA:24,0
DA:26,0
DA:27,0
DA:28,0
DA:29,0
DA:31,0
DA:32,0
DA:34,0
DA:35,0
DA:36,0
DA:37,0
DA:44,0
DA:45,0
DA:60,0
DA:75,0
DA:78,0
DA:79,0
DA:80,0
DA:85,0
DA:86,0
DA:89,0
DA:95,0
DA:99,1
DA:100,0
DA:101,0
DA:102,0
DA:108,0
DA:112,1
DA:113,0
DA:114,0
DA:115,0
DA:117,0
DA:119,0
DA:125,0
DA:129,1
DA:130,0
DA:131,0
DA:132,0
DA:134,0
DA:136,0
DA:138,0
DA:144,0
DA:148,1
DA:149,0
DA:150,0
DA:152,0
DA:153,0
DA:154,0
DA:156,0
DA:162,0
LF:61
LH:10
BRDA:19,0,0,0
BRDA:27,1,0,0
BRDA:34,2,0,0
BRDA:34,2,1,0
BRDA:34,3,0,0
BRDA:34,3,1,0
BRDA:46,4,0,0
BRDA:46,4,1,0
BRDA:46,5,0,0
BRDA:46,5,1,0
BRDA:50,6,0,0
BRDA:50,6,1,0
BRDA:50,7,0,0
BRDA:50,7,1,0
BRDA:85,8,0,0
BRDA:117,9,0,0
BRDA:136,10,0,0
BRDA:153,11,0,0
BRF:18
BRH:0
end_of_record
TN:
SF:src\services\supportService.ts
FN:6,(anonymous_8)
FN:6,(anonymous_9)
FNF:2
FNH:0
FNDA:0,(anonymous_8)
FNDA:0,(anonymous_9)
DA:2,1
DA:3,1
DA:6,1
DA:7,0
DA:8,0
DA:9,0
DA:11,0
DA:71,0
DA:77,0
LF:9
LH:3
BRDA:9,0,0,0
BRF:1
BRH:0
end_of_record
TN:
SF:src\services\userServices.ts
FN:17,(anonymous_8)
FN:17,(anonymous_9)
FN:37,(anonymous_10)
FN:37,(anonymous_11)
FN:71,(anonymous_12)
FN:71,(anonymous_13)
FN:114,(anonymous_14)
FN:114,(anonymous_15)
FN:146,(anonymous_16)
FN:146,(anonymous_17)
FN:173,(anonymous_18)
FN:173,(anonymous_19)
FNF:12
FNH:12
FNDA:3,(anonymous_8)
FNDA:3,(anonymous_9)
FNDA:3,(anonymous_10)
FNDA:3,(anonymous_11)
FNDA:4,(anonymous_12)
FNDA:4,(anonymous_13)
FNDA:4,(anonymous_14)
FNDA:4,(anonymous_15)
FNDA:4,(anonymous_16)
FNDA:4,(anonymous_17)
FNDA:3,(anonymous_18)
FNDA:3,(anonymous_19)
DA:10,1
DA:11,1
DA:12,1
DA:13,1
DA:15,1
DA:17,3
DA:18,3
DA:19,3
DA:21,3
DA:23,1
DA:24,0
DA:27,1
DA:33,2
DA:37,3
DA:38,3
DA:39,3
DA:41,3
DA:44,3
DA:46,3
DA:47,1
DA:50,2
DA:51,1
DA:59,1
DA:61,1
DA:67,2
DA:71,4
DA:72,4
DA:73,4
DA:74,4
DA:76,4
DA:78,3
DA:79,1
DA:82,2
DA:84,2
DA:85,1
DA:88,1
DA:89,1
DA:91,1
DA:98,1
DA:104,1
DA:110,3
DA:114,4
DA:115,4
DA:116,4
DA:117,4
DA:118,4
DA:123,3
DA:124,1
DA:127,2
DA:128,2
DA:129,1
DA:132,1
DA:134,1
DA:136,1
DA:142,3
DA:146,4
DA:147,4
DA:148,4
DA:149,4
DA:151,4
DA:152,3
DA:153,1
DA:156,2
DA:157,2
DA:158,1
DA:160,1
DA:161,1
DA:162,1
DA:163,1
DA:169,3
DA:173,3
DA:174,3
DA:175,3
DA:176,3
DA:178,2
DA:179,1
DA:182,1
DA:183,1
DA:185,1
DA:191,2
LF:80
LH:79
BRDA:23,0,0,0
BRDA:46,1,0,1
BRDA:50,2,0,1
BRDA:64,3,0,1
BRDA:64,3,1,1
BRDA:78,4,0,1
BRDA:84,5,0,1
BRDA:123,6,0,1
BRDA:123,7,0,3
BRDA:123,7,1,2
BRDA:127,8,0,2
BRDA:127,8,1,2
BRDA:128,9,0,1
BRDA:152,10,0,1
BRDA:157,11,0,1
BRDA:178,12,0,1
BRF:16
BRH:15
end_of_record
TN:
SF:src\services\walletServices.ts
FN:8,(anonymous_8)
FN:8,(anonymous_9)
FN:27,(anonymous_10)
FN:27,(anonymous_11)
FN:52,(anonymous_12)
FN:52,(anonymous_13)
FNF:6
FNH:0
FNDA:0,(anonymous_8)
FNDA:0,(anonymous_9)
FNDA:0,(anonymous_10)
FNDA:0,(anonymous_11)
FNDA:0,(anonymous_12)
FNDA:0,(anonymous_13)
DA:5,1
DA:6,1
DA:8,1
DA:9,0
DA:10,0
DA:12,0
DA:13,0
DA:15,0
DA:21,0
DA:27,1
DA:28,0
DA:29,0
DA:42,0
DA:48,0
DA:52,1
DA:53,0
DA:54,0
DA:56,0
DA:57,0
DA:58,0
DA:60,0
DA:69,0
LF:22
LH:5
BRDA:13,0,0,0
BRDA:57,1,0,0
BRF:2
BRH:0
end_of_record
TN:
SF:src\services\withdrawalServices.ts
FN:11,(anonymous_8)
FN:11,(anonymous_9)
FN:21,(anonymous_10)
FN:47,(anonymous_11)
FN:47,(anonymous_12)
FN:66,(anonymous_13)
FN:66,(anonymous_14)
FN:81,(anonymous_15)
FN:81,(anonymous_16)
FN:101,(anonymous_17)
FN:101,(anonymous_18)
FN:152,(anonymous_19)
FN:152,(anonymous_20)
FNF:13
FNH:0
FNDA:0,(anonymous_8)
FNDA:0,(anonymous_9)
FNDA:0,(anonymous_10)
FNDA:0,(anonymous_11)
FNDA:0,(anonymous_12)
FNDA:0,(anonymous_13)
FNDA:0,(anonymous_14)
FNDA:0,(anonymous_15)
FNDA:0,(anonymous_16)
FNDA:0,(anonymous_17)
FNDA:0,(anonymous_18)
FNDA:0,(anonymous_19)
FNDA:0,(anonymous_20)
DA:6,1
DA:7,1
DA:8,1
DA:9,1
DA:11,1
DA:12,0
DA:13,0
DA:14,0
DA:16,0
DA:17,0
DA:20,0
DA:21,0
DA:23,0
DA:24,0
DA:26,0
DA:27,0
DA:28,0
DA:30,0
DA:37,0
DA:43,0
DA:47,1
DA:48,0
DA:49,0
DA:50,0
DA:52,0
DA:54,0
DA:60,0
DA:66,1
DA:67,0
DA:68,0
DA:69,0
DA:71,0
DA:77,0
DA:81,1
DA:82,0
DA:83,0
DA:84,0
DA:85,0
DA:87,0
DA:88,0
DA:97,0
DA:101,1
DA:102,0
DA:103,0
DA:105,0
DA:106,0
DA:107,0
DA:108,0
DA:109,0
DA:111,0
DA:112,0
DA:113,0
DA:114,0
DA:119,0
DA:120,0
DA:121,0
DA:122,0
DA:124,0
DA:139,0
DA:148,0
DA:152,1
DA:153,0
DA:154,0
DA:156,0
DA:157,0
DA:158,0
DA:159,0
DA:160,0
DA:162,0
DA:163,0
DA:164,0
DA:166,0
DA:181,0
DA:190,0
LF:74
LH:10
BRDA:17,0,0,0
BRDA:17,1,0,0
BRDA:17,1,1,0
BRDA:17,2,0,0
BRDA:17,2,1,0
BRDA:24,3,0,0
BRDA:26,4,0,0
BRDA:27,5,0,0
BRDA:52,6,0,0
BRDA:69,7,0,0
BRDA:85,8,0,0
BRDA:106,9,0,0
BRDA:107,10,0,0
BRDA:108,11,0,0
BRDA:109,12,0,0
BRDA:109,12,1,0
BRDA:109,13,0,0
BRDA:109,13,1,0
BRDA:122,14,0,0
BRDA:125,15,0,0
BRDA:125,15,1,0
BRDA:125,16,0,0
BRDA:125,16,1,0
BRDA:129,17,0,0
BRDA:129,17,1,0
BRDA:129,18,0,0
BRDA:129,18,1,0
BRDA:157,19,0,0
BRDA:158,20,0,0
BRDA:159,21,0,0
BRDA:164,22,0,0
BRDA:167,23,0,0
BRDA:167,23,1,0
BRDA:167,24,0,0
BRDA:167,24,1,0
BRDA:171,25,0,0
BRDA:171,25,1,0
BRDA:171,26,0,0
BRDA:171,26,1,0
BRF:39
BRH:0
end_of_record
TN:
SF:src\utils\emailUtils.ts
FN:9,(anonymous_8)
FN:9,(anonymous_9)
FNF:2
FNH:0
FNDA:0,(anonymous_8)
FNDA:0,(anonymous_9)
DA:1,2
DA:9,2
DA:10,0
DA:20,0
DA:28,2
LF:5
LH:3
BRF:0
BRH:0
end_of_record
TN:
SF:src\utils\jwtUtils.ts
FN:4,(anonymous_1)
FN:10,(anonymous_2)
FN:14,(anonymous_3)
FN:18,(anonymous_4)
FN:22,(anonymous_5)
FN:27,(anonymous_6)
FN:33,(anonymous_7)
FN:37,(anonymous_8)
FNF:8
FNH:1
FNDA:7,(anonymous_1)
FNDA:0,(anonymous_2)
FNDA:0,(anonymous_3)
FNDA:0,(anonymous_4)
FNDA:0,(anonymous_5)
FNDA:0,(anonymous_6)
FNDA:0,(anonymous_7)
FNDA:0,(anonymous_8)
DA:1,2
DA:4,2
DA:5,7
DA:6,7
DA:7,7
DA:10,2
DA:11,0
DA:14,2
DA:15,0
DA:18,2
DA:19,0
DA:22,2
DA:23,0
DA:24,0
DA:27,2
DA:28,0
DA:29,0
DA:30,0
DA:33,2
DA:34,0
DA:37,2
DA:38,0
DA:41,2
LF:23
LH:13
BRF:0
BRH:0
end_of_record
TN:
SF:src\validation\adminValidation.ts
FNF:0
FNH:0
DA:1,1
DA:3,1
DA:27,1
DA:37,1
DA:43,1
DA:49,1
LF:6
LH:6
BRF:0
BRH:0
end_of_record
TN:
SF:src\validation\referralValidation.ts
FNF:0
FNH:0
DA:1,1
DA:3,1
LF:2
LH:2
BRF:0
BRH:0
end_of_record
TN:
SF:src\validation\supportValidation.ts
FNF:0
FNH:0
DA:1,1
DA:3,1
LF:2
LH:2
BRF:0
BRH:0
end_of_record
TN:
SF:src\validation\userValidation.ts
FNF:0
FNH:0
DA:1,1
DA:3,1
DA:21,1
DA:31,1
DA:37,1
DA:44,1
DA:54,1
DA:67,1
DA:73,1
DA:79,1
DA:85,1
DA:91,1
LF:12
LH:12
BRF:0
BRH:0
end_of_record
TN:
SF:src\validation\withdrawalValidation.ts
FNF:0
FNH:0
DA:1,1
DA:3,1
LF:2
LH:2
BRF:0
BRH:0
end_of_record
